The system is: Linux - 4.19.4-arch1-1-ARCH - x86_64
Compiling the C compiler identification source file "CMakeCCompilerId.c" succeeded.
Compiler: /usr/bin/cc 
Build flags: 
Id flags:  

The output was:
0


Compilation of the C compiler identification source "CMakeCCompilerId.c" produced "a.out"

The C compiler identification is GNU, found in "/home/xhh/CLionProjects/opengl/opengl01/cmake-build-debug/CMakeFiles/3.13.1/CompilerIdC/a.out"

Compiling the CXX compiler identification source file "CMakeCXXCompilerId.cpp" succeeded.
Compiler: /usr/bin/c++ 
Build flags: 
Id flags:  

The output was:
0


Compilation of the CXX compiler identification source "CMakeCXXCompilerId.cpp" produced "a.out"

The CXX compiler identification is GNU, found in "/home/xhh/CLionProjects/opengl/opengl01/cmake-build-debug/CMakeFiles/3.13.1/CompilerIdCXX/a.out"

Determining if the C compiler works passed with the following output:
Change Dir: /home/xhh/CLionProjects/opengl/opengl01/cmake-build-debug/CMakeFiles/CMakeTmp

Run Build Command:"/usr/bin/make" "cmTC_4c008/fast"
/usr/bin/make -f CMakeFiles/cmTC_4c008.dir/build.make CMakeFiles/cmTC_4c008.dir/build
make[1]: 进入目录“/home/xhh/CLionProjects/opengl/opengl01/cmake-build-debug/CMakeFiles/CMakeTmp”
Building C object CMakeFiles/cmTC_4c008.dir/testCCompiler.c.o
/usr/bin/cc    -o CMakeFiles/cmTC_4c008.dir/testCCompiler.c.o   -c /home/xhh/CLionProjects/opengl/opengl01/cmake-build-debug/CMakeFiles/CMakeTmp/testCCompiler.c
Linking C executable cmTC_4c008
/home/xhh/.local/share/JetBrains/Toolbox/apps/CLion/ch-0/183.4588.63/bin/cmake/linux/bin/cmake -E cmake_link_script CMakeFiles/cmTC_4c008.dir/link.txt --verbose=1
/usr/bin/cc      CMakeFiles/cmTC_4c008.dir/testCCompiler.c.o  -o cmTC_4c008 
make[1]: 离开目录“/home/xhh/CLionProjects/opengl/opengl01/cmake-build-debug/CMakeFiles/CMakeTmp”


Detecting C compiler ABI info compiled with the following output:
Change Dir: /home/xhh/CLionProjects/opengl/opengl01/cmake-build-debug/CMakeFiles/CMakeTmp

Run Build Command:"/usr/bin/make" "cmTC_48aa4/fast"
/usr/bin/make -f CMakeFiles/cmTC_48aa4.dir/build.make CMakeFiles/cmTC_48aa4.dir/build
make[1]: 进入目录“/home/xhh/CLionProjects/opengl/opengl01/cmake-build-debug/CMakeFiles/CMakeTmp”
Building C object CMakeFiles/cmTC_48aa4.dir/CMakeCCompilerABI.c.o
/usr/bin/cc    -o CMakeFiles/cmTC_48aa4.dir/CMakeCCompilerABI.c.o   -c /home/xhh/.local/share/JetBrains/Toolbox/apps/CLion/ch-0/183.4588.63/bin/cmake/linux/share/cmake-3.13/Modules/CMakeCCompilerABI.c
Linking C executable cmTC_48aa4
/home/xhh/.local/share/JetBrains/Toolbox/apps/CLion/ch-0/183.4588.63/bin/cmake/linux/bin/cmake -E cmake_link_script CMakeFiles/cmTC_48aa4.dir/link.txt --verbose=1
/usr/bin/cc     -v CMakeFiles/cmTC_48aa4.dir/CMakeCCompilerABI.c.o  -o cmTC_48aa4 
使用内建 specs。
COLLECT_GCC=/usr/bin/cc
COLLECT_LTO_WRAPPER=/usr/lib/gcc/x86_64-pc-linux-gnu/8.2.1/lto-wrapper
目标：x86_64-pc-linux-gnu
配置为：/build/gcc/src/gcc/configure --prefix=/usr --libdir=/usr/lib --libexecdir=/usr/lib --mandir=/usr/share/man --infodir=/usr/share/info --with-bugurl=https://bugs.archlinux.org/ --enable-languages=c,c++,ada,fortran,go,lto,objc,obj-c++ --enable-shared --enable-threads=posix --enable-libmpx --with-system-zlib --with-isl --enable-__cxa_atexit --disable-libunwind-exceptions --enable-clocale=gnu --disable-libstdcxx-pch --disable-libssp --enable-gnu-unique-object --enable-linker-build-id --enable-lto --enable-plugin --enable-install-libiberty --with-linker-hash-style=gnu --enable-gnu-indirect-function --enable-multilib --disable-werror --enable-checking=release --enable-default-pie --enable-default-ssp --enable-cet=auto
线程模型：posix
gcc 版本 8.2.1 20181127 (GCC) 
COMPILER_PATH=/usr/lib/gcc/x86_64-pc-linux-gnu/8.2.1/:/usr/lib/gcc/x86_64-pc-linux-gnu/8.2.1/:/usr/lib/gcc/x86_64-pc-linux-gnu/:/usr/lib/gcc/x86_64-pc-linux-gnu/8.2.1/:/usr/lib/gcc/x86_64-pc-linux-gnu/
LIBRARY_PATH=/usr/lib/gcc/x86_64-pc-linux-gnu/8.2.1/:/usr/lib/gcc/x86_64-pc-linux-gnu/8.2.1/../../../../lib/:/lib/../lib/:/usr/lib/../lib/:/usr/lib/gcc/x86_64-pc-linux-gnu/8.2.1/../../../:/lib/:/usr/lib/
COLLECT_GCC_OPTIONS='-v' '-o' 'cmTC_48aa4' '-mtune=generic' '-march=x86-64'
 /usr/lib/gcc/x86_64-pc-linux-gnu/8.2.1/collect2 -plugin /usr/lib/gcc/x86_64-pc-linux-gnu/8.2.1/liblto_plugin.so -plugin-opt=/usr/lib/gcc/x86_64-pc-linux-gnu/8.2.1/lto-wrapper -plugin-opt=-fresolution=/tmp/cclIcUad.res -plugin-opt=-pass-through=-lgcc -plugin-opt=-pass-through=-lgcc_s -plugin-opt=-pass-through=-lc -plugin-opt=-pass-through=-lgcc -plugin-opt=-pass-through=-lgcc_s --build-id --eh-frame-hdr --hash-style=gnu -m elf_x86_64 -dynamic-linker /lib64/ld-linux-x86-64.so.2 -pie -o cmTC_48aa4 /usr/lib/gcc/x86_64-pc-linux-gnu/8.2.1/../../../../lib/Scrt1.o /usr/lib/gcc/x86_64-pc-linux-gnu/8.2.1/../../../../lib/crti.o /usr/lib/gcc/x86_64-pc-linux-gnu/8.2.1/crtbeginS.o -L/usr/lib/gcc/x86_64-pc-linux-gnu/8.2.1 -L/usr/lib/gcc/x86_64-pc-linux-gnu/8.2.1/../../../../lib -L/lib/../lib -L/usr/lib/../lib -L/usr/lib/gcc/x86_64-pc-linux-gnu/8.2.1/../../.. CMakeFiles/cmTC_48aa4.dir/CMakeCCompilerABI.c.o -lgcc --as-needed -lgcc_s --no-as-needed -lc -lgcc --as-needed -lgcc_s --no-as-needed /usr/lib/gcc/x86_64-pc-linux-gnu/8.2.1/crtendS.o /usr/lib/gcc/x86_64-pc-linux-gnu/8.2.1/../../../../lib/crtn.o
COLLECT_GCC_OPTIONS='-v' '-o' 'cmTC_48aa4' '-mtune=generic' '-march=x86-64'
make[1]: 离开目录“/home/xhh/CLionProjects/opengl/opengl01/cmake-build-debug/CMakeFiles/CMakeTmp”


Parsed C implicit link information from above output:
  link line regex: [^( *|.*[/\])(ld|CMAKE_LINK_STARTFILE-NOTFOUND|([^/\]+-)?ld|collect2)[^/\]*( |$)]
  ignore line: [Change Dir: /home/xhh/CLionProjects/opengl/opengl01/cmake-build-debug/CMakeFiles/CMakeTmp]
  ignore line: []
  ignore line: [Run Build Command:"/usr/bin/make" "cmTC_48aa4/fast"]
  ignore line: [/usr/bin/make -f CMakeFiles/cmTC_48aa4.dir/build.make CMakeFiles/cmTC_48aa4.dir/build]
  ignore line: [make[1]: 进入目录“/home/xhh/CLionProjects/opengl/opengl01/cmake-build-debug/CMakeFiles/CMakeTmp”]
  ignore line: [Building C object CMakeFiles/cmTC_48aa4.dir/CMakeCCompilerABI.c.o]
  ignore line: [/usr/bin/cc    -o CMakeFiles/cmTC_48aa4.dir/CMakeCCompilerABI.c.o   -c /home/xhh/.local/share/JetBrains/Toolbox/apps/CLion/ch-0/183.4588.63/bin/cmake/linux/share/cmake-3.13/Modules/CMakeCCompilerABI.c]
  ignore line: [Linking C executable cmTC_48aa4]
  ignore line: [/home/xhh/.local/share/JetBrains/Toolbox/apps/CLion/ch-0/183.4588.63/bin/cmake/linux/bin/cmake -E cmake_link_script CMakeFiles/cmTC_48aa4.dir/link.txt --verbose=1]
  ignore line: [/usr/bin/cc     -v CMakeFiles/cmTC_48aa4.dir/CMakeCCompilerABI.c.o  -o cmTC_48aa4 ]
  ignore line: [使用内建 specs。]
  ignore line: [COLLECT_GCC=/usr/bin/cc]
  ignore line: [COLLECT_LTO_WRAPPER=/usr/lib/gcc/x86_64-pc-linux-gnu/8.2.1/lto-wrapper]
  ignore line: [目标：x86_64-pc-linux-gnu]
  ignore line: [配置为：/build/gcc/src/gcc/configure --prefix=/usr --libdir=/usr/lib --libexecdir=/usr/lib --mandir=/usr/share/man --infodir=/usr/share/info --with-bugurl=https://bugs.archlinux.org/ --enable-languages=c,c++,ada,fortran,go,lto,objc,obj-c++ --enable-shared --enable-threads=posix --enable-libmpx --with-system-zlib --with-isl --enable-__cxa_atexit --disable-libunwind-exceptions --enable-clocale=gnu --disable-libstdcxx-pch --disable-libssp --enable-gnu-unique-object --enable-linker-build-id --enable-lto --enable-plugin --enable-install-libiberty --with-linker-hash-style=gnu --enable-gnu-indirect-function --enable-multilib --disable-werror --enable-checking=release --enable-default-pie --enable-default-ssp --enable-cet=auto]
  ignore line: [线程模型：posix]
  ignore line: [gcc 版本 8.2.1 20181127 (GCC) ]
  ignore line: [COMPILER_PATH=/usr/lib/gcc/x86_64-pc-linux-gnu/8.2.1/:/usr/lib/gcc/x86_64-pc-linux-gnu/8.2.1/:/usr/lib/gcc/x86_64-pc-linux-gnu/:/usr/lib/gcc/x86_64-pc-linux-gnu/8.2.1/:/usr/lib/gcc/x86_64-pc-linux-gnu/]
  ignore line: [LIBRARY_PATH=/usr/lib/gcc/x86_64-pc-linux-gnu/8.2.1/:/usr/lib/gcc/x86_64-pc-linux-gnu/8.2.1/../../../../lib/:/lib/../lib/:/usr/lib/../lib/:/usr/lib/gcc/x86_64-pc-linux-gnu/8.2.1/../../../:/lib/:/usr/lib/]
  ignore line: [COLLECT_GCC_OPTIONS='-v' '-o' 'cmTC_48aa4' '-mtune=generic' '-march=x86-64']
  link line: [ /usr/lib/gcc/x86_64-pc-linux-gnu/8.2.1/collect2 -plugin /usr/lib/gcc/x86_64-pc-linux-gnu/8.2.1/liblto_plugin.so -plugin-opt=/usr/lib/gcc/x86_64-pc-linux-gnu/8.2.1/lto-wrapper -plugin-opt=-fresolution=/tmp/cclIcUad.res -plugin-opt=-pass-through=-lgcc -plugin-opt=-pass-through=-lgcc_s -plugin-opt=-pass-through=-lc -plugin-opt=-pass-through=-lgcc -plugin-opt=-pass-through=-lgcc_s --build-id --eh-frame-hdr --hash-style=gnu -m elf_x86_64 -dynamic-linker /lib64/ld-linux-x86-64.so.2 -pie -o cmTC_48aa4 /usr/lib/gcc/x86_64-pc-linux-gnu/8.2.1/../../../../lib/Scrt1.o /usr/lib/gcc/x86_64-pc-linux-gnu/8.2.1/../../../../lib/crti.o /usr/lib/gcc/x86_64-pc-linux-gnu/8.2.1/crtbeginS.o -L/usr/lib/gcc/x86_64-pc-linux-gnu/8.2.1 -L/usr/lib/gcc/x86_64-pc-linux-gnu/8.2.1/../../../../lib -L/lib/../lib -L/usr/lib/../lib -L/usr/lib/gcc/x86_64-pc-linux-gnu/8.2.1/../../.. CMakeFiles/cmTC_48aa4.dir/CMakeCCompilerABI.c.o -lgcc --as-needed -lgcc_s --no-as-needed -lc -lgcc --as-needed -lgcc_s --no-as-needed /usr/lib/gcc/x86_64-pc-linux-gnu/8.2.1/crtendS.o /usr/lib/gcc/x86_64-pc-linux-gnu/8.2.1/../../../../lib/crtn.o]
    arg [/usr/lib/gcc/x86_64-pc-linux-gnu/8.2.1/collect2] ==> ignore
    arg [-plugin] ==> ignore
    arg [/usr/lib/gcc/x86_64-pc-linux-gnu/8.2.1/liblto_plugin.so] ==> ignore
    arg [-plugin-opt=/usr/lib/gcc/x86_64-pc-linux-gnu/8.2.1/lto-wrapper] ==> ignore
    arg [-plugin-opt=-fresolution=/tmp/cclIcUad.res] ==> ignore
    arg [-plugin-opt=-pass-through=-lgcc] ==> ignore
    arg [-plugin-opt=-pass-through=-lgcc_s] ==> ignore
    arg [-plugin-opt=-pass-through=-lc] ==> ignore
    arg [-plugin-opt=-pass-through=-lgcc] ==> ignore
    arg [-plugin-opt=-pass-through=-lgcc_s] ==> ignore
    arg [--build-id] ==> ignore
    arg [--eh-frame-hdr] ==> ignore
    arg [--hash-style=gnu] ==> ignore
    arg [-m] ==> ignore
    arg [elf_x86_64] ==> ignore
    arg [-dynamic-linker] ==> ignore
    arg [/lib64/ld-linux-x86-64.so.2] ==> ignore
    arg [-pie] ==> ignore
    arg [-o] ==> ignore
    arg [cmTC_48aa4] ==> ignore
    arg [/usr/lib/gcc/x86_64-pc-linux-gnu/8.2.1/../../../../lib/Scrt1.o] ==> ignore
    arg [/usr/lib/gcc/x86_64-pc-linux-gnu/8.2.1/../../../../lib/crti.o] ==> ignore
    arg [/usr/lib/gcc/x86_64-pc-linux-gnu/8.2.1/crtbeginS.o] ==> ignore
    arg [-L/usr/lib/gcc/x86_64-pc-linux-gnu/8.2.1] ==> dir [/usr/lib/gcc/x86_64-pc-linux-gnu/8.2.1]
    arg [-L/usr/lib/gcc/x86_64-pc-linux-gnu/8.2.1/../../../../lib] ==> dir [/usr/lib/gcc/x86_64-pc-linux-gnu/8.2.1/../../../../lib]
    arg [-L/lib/../lib] ==> dir [/lib/../lib]
    arg [-L/usr/lib/../lib] ==> dir [/usr/lib/../lib]
    arg [-L/usr/lib/gcc/x86_64-pc-linux-gnu/8.2.1/../../..] ==> dir [/usr/lib/gcc/x86_64-pc-linux-gnu/8.2.1/../../..]
    arg [CMakeFiles/cmTC_48aa4.dir/CMakeCCompilerABI.c.o] ==> ignore
    arg [-lgcc] ==> lib [gcc]
    arg [--as-needed] ==> ignore
    arg [-lgcc_s] ==> lib [gcc_s]
    arg [--no-as-needed] ==> ignore
    arg [-lc] ==> lib [c]
    arg [-lgcc] ==> lib [gcc]
    arg [--as-needed] ==> ignore
    arg [-lgcc_s] ==> lib [gcc_s]
    arg [--no-as-needed] ==> ignore
    arg [/usr/lib/gcc/x86_64-pc-linux-gnu/8.2.1/crtendS.o] ==> ignore
    arg [/usr/lib/gcc/x86_64-pc-linux-gnu/8.2.1/../../../../lib/crtn.o] ==> ignore
  collapse library dir [/usr/lib/gcc/x86_64-pc-linux-gnu/8.2.1] ==> [/usr/lib/gcc/x86_64-pc-linux-gnu/8.2.1]
  collapse library dir [/usr/lib/gcc/x86_64-pc-linux-gnu/8.2.1/../../../../lib] ==> [/usr/lib]
  collapse library dir [/lib/../lib] ==> [/lib]
  collapse library dir [/usr/lib/../lib] ==> [/usr/lib]
  collapse library dir [/usr/lib/gcc/x86_64-pc-linux-gnu/8.2.1/../../..] ==> [/usr/lib]
  implicit libs: [gcc;gcc_s;c;gcc;gcc_s]
  implicit dirs: [/usr/lib/gcc/x86_64-pc-linux-gnu/8.2.1;/usr/lib;/lib]
  implicit fwks: []




Detecting C [-std=c11] compiler features compiled with the following output:
Change Dir: /home/xhh/CLionProjects/opengl/opengl01/cmake-build-debug/CMakeFiles/CMakeTmp

Run Build Command:"/usr/bin/make" "cmTC_df8d2/fast"
/usr/bin/make -f CMakeFiles/cmTC_df8d2.dir/build.make CMakeFiles/cmTC_df8d2.dir/build
make[1]: 进入目录“/home/xhh/CLionProjects/opengl/opengl01/cmake-build-debug/CMakeFiles/CMakeTmp”
Building C object CMakeFiles/cmTC_df8d2.dir/feature_tests.c.o
/usr/bin/cc   -std=c11 -o CMakeFiles/cmTC_df8d2.dir/feature_tests.c.o   -c /home/xhh/CLionProjects/opengl/opengl01/cmake-build-debug/CMakeFiles/feature_tests.c
Linking C executable cmTC_df8d2
/home/xhh/.local/share/JetBrains/Toolbox/apps/CLion/ch-0/183.4588.63/bin/cmake/linux/bin/cmake -E cmake_link_script CMakeFiles/cmTC_df8d2.dir/link.txt --verbose=1
/usr/bin/cc      CMakeFiles/cmTC_df8d2.dir/feature_tests.c.o  -o cmTC_df8d2 
make[1]: 离开目录“/home/xhh/CLionProjects/opengl/opengl01/cmake-build-debug/CMakeFiles/CMakeTmp”


    Feature record: C_FEATURE:1c_function_prototypes
    Feature record: C_FEATURE:1c_restrict
    Feature record: C_FEATURE:1c_static_assert
    Feature record: C_FEATURE:1c_variadic_macros


Detecting C [-std=c99] compiler features compiled with the following output:
Change Dir: /home/xhh/CLionProjects/opengl/opengl01/cmake-build-debug/CMakeFiles/CMakeTmp

Run Build Command:"/usr/bin/make" "cmTC_a83f2/fast"
/usr/bin/make -f CMakeFiles/cmTC_a83f2.dir/build.make CMakeFiles/cmTC_a83f2.dir/build
make[1]: 进入目录“/home/xhh/CLionProjects/opengl/opengl01/cmake-build-debug/CMakeFiles/CMakeTmp”
Building C object CMakeFiles/cmTC_a83f2.dir/feature_tests.c.o
/usr/bin/cc   -std=c99 -o CMakeFiles/cmTC_a83f2.dir/feature_tests.c.o   -c /home/xhh/CLionProjects/opengl/opengl01/cmake-build-debug/CMakeFiles/feature_tests.c
Linking C executable cmTC_a83f2
/home/xhh/.local/share/JetBrains/Toolbox/apps/CLion/ch-0/183.4588.63/bin/cmake/linux/bin/cmake -E cmake_link_script CMakeFiles/cmTC_a83f2.dir/link.txt --verbose=1
/usr/bin/cc      CMakeFiles/cmTC_a83f2.dir/feature_tests.c.o  -o cmTC_a83f2 
make[1]: 离开目录“/home/xhh/CLionProjects/opengl/opengl01/cmake-build-debug/CMakeFiles/CMakeTmp”


    Feature record: C_FEATURE:1c_function_prototypes
    Feature record: C_FEATURE:1c_restrict
    Feature record: C_FEATURE:0c_static_assert
    Feature record: C_FEATURE:1c_variadic_macros


Detecting C [-std=c90] compiler features compiled with the following output:
Change Dir: /home/xhh/CLionProjects/opengl/opengl01/cmake-build-debug/CMakeFiles/CMakeTmp

Run Build Command:"/usr/bin/make" "cmTC_a39c4/fast"
/usr/bin/make -f CMakeFiles/cmTC_a39c4.dir/build.make CMakeFiles/cmTC_a39c4.dir/build
make[1]: 进入目录“/home/xhh/CLionProjects/opengl/opengl01/cmake-build-debug/CMakeFiles/CMakeTmp”
Building C object CMakeFiles/cmTC_a39c4.dir/feature_tests.c.o
/usr/bin/cc   -std=c90 -o CMakeFiles/cmTC_a39c4.dir/feature_tests.c.o   -c /home/xhh/CLionProjects/opengl/opengl01/cmake-build-debug/CMakeFiles/feature_tests.c
Linking C executable cmTC_a39c4
/home/xhh/.local/share/JetBrains/Toolbox/apps/CLion/ch-0/183.4588.63/bin/cmake/linux/bin/cmake -E cmake_link_script CMakeFiles/cmTC_a39c4.dir/link.txt --verbose=1
/usr/bin/cc      CMakeFiles/cmTC_a39c4.dir/feature_tests.c.o  -o cmTC_a39c4 
make[1]: 离开目录“/home/xhh/CLionProjects/opengl/opengl01/cmake-build-debug/CMakeFiles/CMakeTmp”


    Feature record: C_FEATURE:1c_function_prototypes
    Feature record: C_FEATURE:0c_restrict
    Feature record: C_FEATURE:0c_static_assert
    Feature record: C_FEATURE:0c_variadic_macros
Determining if the CXX compiler works passed with the following output:
Change Dir: /home/xhh/CLionProjects/opengl/opengl01/cmake-build-debug/CMakeFiles/CMakeTmp

Run Build Command:"/usr/bin/make" "cmTC_eb15e/fast"
/usr/bin/make -f CMakeFiles/cmTC_eb15e.dir/build.make CMakeFiles/cmTC_eb15e.dir/build
make[1]: 进入目录“/home/xhh/CLionProjects/opengl/opengl01/cmake-build-debug/CMakeFiles/CMakeTmp”
Building CXX object CMakeFiles/cmTC_eb15e.dir/testCXXCompiler.cxx.o
/usr/bin/c++     -o CMakeFiles/cmTC_eb15e.dir/testCXXCompiler.cxx.o -c /home/xhh/CLionProjects/opengl/opengl01/cmake-build-debug/CMakeFiles/CMakeTmp/testCXXCompiler.cxx
Linking CXX executable cmTC_eb15e
/home/xhh/.local/share/JetBrains/Toolbox/apps/CLion/ch-0/183.4588.63/bin/cmake/linux/bin/cmake -E cmake_link_script CMakeFiles/cmTC_eb15e.dir/link.txt --verbose=1
/usr/bin/c++       CMakeFiles/cmTC_eb15e.dir/testCXXCompiler.cxx.o  -o cmTC_eb15e 
make[1]: 离开目录“/home/xhh/CLionProjects/opengl/opengl01/cmake-build-debug/CMakeFiles/CMakeTmp”


Detecting CXX compiler ABI info compiled with the following output:
Change Dir: /home/xhh/CLionProjects/opengl/opengl01/cmake-build-debug/CMakeFiles/CMakeTmp

Run Build Command:"/usr/bin/make" "cmTC_a2c66/fast"
/usr/bin/make -f CMakeFiles/cmTC_a2c66.dir/build.make CMakeFiles/cmTC_a2c66.dir/build
make[1]: 进入目录“/home/xhh/CLionProjects/opengl/opengl01/cmake-build-debug/CMakeFiles/CMakeTmp”
Building CXX object CMakeFiles/cmTC_a2c66.dir/CMakeCXXCompilerABI.cpp.o
/usr/bin/c++     -o CMakeFiles/cmTC_a2c66.dir/CMakeCXXCompilerABI.cpp.o -c /home/xhh/.local/share/JetBrains/Toolbox/apps/CLion/ch-0/183.4588.63/bin/cmake/linux/share/cmake-3.13/Modules/CMakeCXXCompilerABI.cpp
Linking CXX executable cmTC_a2c66
/home/xhh/.local/share/JetBrains/Toolbox/apps/CLion/ch-0/183.4588.63/bin/cmake/linux/bin/cmake -E cmake_link_script CMakeFiles/cmTC_a2c66.dir/link.txt --verbose=1
/usr/bin/c++      -v CMakeFiles/cmTC_a2c66.dir/CMakeCXXCompilerABI.cpp.o  -o cmTC_a2c66 
使用内建 specs。
COLLECT_GCC=/usr/bin/c++
COLLECT_LTO_WRAPPER=/usr/lib/gcc/x86_64-pc-linux-gnu/8.2.1/lto-wrapper
目标：x86_64-pc-linux-gnu
配置为：/build/gcc/src/gcc/configure --prefix=/usr --libdir=/usr/lib --libexecdir=/usr/lib --mandir=/usr/share/man --infodir=/usr/share/info --with-bugurl=https://bugs.archlinux.org/ --enable-languages=c,c++,ada,fortran,go,lto,objc,obj-c++ --enable-shared --enable-threads=posix --enable-libmpx --with-system-zlib --with-isl --enable-__cxa_atexit --disable-libunwind-exceptions --enable-clocale=gnu --disable-libstdcxx-pch --disable-libssp --enable-gnu-unique-object --enable-linker-build-id --enable-lto --enable-plugin --enable-install-libiberty --with-linker-hash-style=gnu --enable-gnu-indirect-function --enable-multilib --disable-werror --enable-checking=release --enable-default-pie --enable-default-ssp --enable-cet=auto
线程模型：posix
gcc 版本 8.2.1 20181127 (GCC) 
COMPILER_PATH=/usr/lib/gcc/x86_64-pc-linux-gnu/8.2.1/:/usr/lib/gcc/x86_64-pc-linux-gnu/8.2.1/:/usr/lib/gcc/x86_64-pc-linux-gnu/:/usr/lib/gcc/x86_64-pc-linux-gnu/8.2.1/:/usr/lib/gcc/x86_64-pc-linux-gnu/
LIBRARY_PATH=/usr/lib/gcc/x86_64-pc-linux-gnu/8.2.1/:/usr/lib/gcc/x86_64-pc-linux-gnu/8.2.1/../../../../lib/:/lib/../lib/:/usr/lib/../lib/:/usr/lib/gcc/x86_64-pc-linux-gnu/8.2.1/../../../:/lib/:/usr/lib/
COLLECT_GCC_OPTIONS='-v' '-o' 'cmTC_a2c66' '-shared-libgcc' '-mtune=generic' '-march=x86-64'
 /usr/lib/gcc/x86_64-pc-linux-gnu/8.2.1/collect2 -plugin /usr/lib/gcc/x86_64-pc-linux-gnu/8.2.1/liblto_plugin.so -plugin-opt=/usr/lib/gcc/x86_64-pc-linux-gnu/8.2.1/lto-wrapper -plugin-opt=-fresolution=/tmp/cci57T6P.res -plugin-opt=-pass-through=-lgcc_s -plugin-opt=-pass-through=-lgcc -plugin-opt=-pass-through=-lc -plugin-opt=-pass-through=-lgcc_s -plugin-opt=-pass-through=-lgcc --build-id --eh-frame-hdr --hash-style=gnu -m elf_x86_64 -dynamic-linker /lib64/ld-linux-x86-64.so.2 -pie -o cmTC_a2c66 /usr/lib/gcc/x86_64-pc-linux-gnu/8.2.1/../../../../lib/Scrt1.o /usr/lib/gcc/x86_64-pc-linux-gnu/8.2.1/../../../../lib/crti.o /usr/lib/gcc/x86_64-pc-linux-gnu/8.2.1/crtbeginS.o -L/usr/lib/gcc/x86_64-pc-linux-gnu/8.2.1 -L/usr/lib/gcc/x86_64-pc-linux-gnu/8.2.1/../../../../lib -L/lib/../lib -L/usr/lib/../lib -L/usr/lib/gcc/x86_64-pc-linux-gnu/8.2.1/../../.. CMakeFiles/cmTC_a2c66.dir/CMakeCXXCompilerABI.cpp.o -lstdc++ -lm -lgcc_s -lgcc -lc -lgcc_s -lgcc /usr/lib/gcc/x86_64-pc-linux-gnu/8.2.1/crtendS.o /usr/lib/gcc/x86_64-pc-linux-gnu/8.2.1/../../../../lib/crtn.o
COLLECT_GCC_OPTIONS='-v' '-o' 'cmTC_a2c66' '-shared-libgcc' '-mtune=generic' '-march=x86-64'
make[1]: 离开目录“/home/xhh/CLionProjects/opengl/opengl01/cmake-build-debug/CMakeFiles/CMakeTmp”


Parsed CXX implicit link information from above output:
  link line regex: [^( *|.*[/\])(ld|CMAKE_LINK_STARTFILE-NOTFOUND|([^/\]+-)?ld|collect2)[^/\]*( |$)]
  ignore line: [Change Dir: /home/xhh/CLionProjects/opengl/opengl01/cmake-build-debug/CMakeFiles/CMakeTmp]
  ignore line: []
  ignore line: [Run Build Command:"/usr/bin/make" "cmTC_a2c66/fast"]
  ignore line: [/usr/bin/make -f CMakeFiles/cmTC_a2c66.dir/build.make CMakeFiles/cmTC_a2c66.dir/build]
  ignore line: [make[1]: 进入目录“/home/xhh/CLionProjects/opengl/opengl01/cmake-build-debug/CMakeFiles/CMakeTmp”]
  ignore line: [Building CXX object CMakeFiles/cmTC_a2c66.dir/CMakeCXXCompilerABI.cpp.o]
  ignore line: [/usr/bin/c++     -o CMakeFiles/cmTC_a2c66.dir/CMakeCXXCompilerABI.cpp.o -c /home/xhh/.local/share/JetBrains/Toolbox/apps/CLion/ch-0/183.4588.63/bin/cmake/linux/share/cmake-3.13/Modules/CMakeCXXCompilerABI.cpp]
  ignore line: [Linking CXX executable cmTC_a2c66]
  ignore line: [/home/xhh/.local/share/JetBrains/Toolbox/apps/CLion/ch-0/183.4588.63/bin/cmake/linux/bin/cmake -E cmake_link_script CMakeFiles/cmTC_a2c66.dir/link.txt --verbose=1]
  ignore line: [/usr/bin/c++      -v CMakeFiles/cmTC_a2c66.dir/CMakeCXXCompilerABI.cpp.o  -o cmTC_a2c66 ]
  ignore line: [使用内建 specs。]
  ignore line: [COLLECT_GCC=/usr/bin/c++]
  ignore line: [COLLECT_LTO_WRAPPER=/usr/lib/gcc/x86_64-pc-linux-gnu/8.2.1/lto-wrapper]
  ignore line: [目标：x86_64-pc-linux-gnu]
  ignore line: [配置为：/build/gcc/src/gcc/configure --prefix=/usr --libdir=/usr/lib --libexecdir=/usr/lib --mandir=/usr/share/man --infodir=/usr/share/info --with-bugurl=https://bugs.archlinux.org/ --enable-languages=c,c++,ada,fortran,go,lto,objc,obj-c++ --enable-shared --enable-threads=posix --enable-libmpx --with-system-zlib --with-isl --enable-__cxa_atexit --disable-libunwind-exceptions --enable-clocale=gnu --disable-libstdcxx-pch --disable-libssp --enable-gnu-unique-object --enable-linker-build-id --enable-lto --enable-plugin --enable-install-libiberty --with-linker-hash-style=gnu --enable-gnu-indirect-function --enable-multilib --disable-werror --enable-checking=release --enable-default-pie --enable-default-ssp --enable-cet=auto]
  ignore line: [线程模型：posix]
  ignore line: [gcc 版本 8.2.1 20181127 (GCC) ]
  ignore line: [COMPILER_PATH=/usr/lib/gcc/x86_64-pc-linux-gnu/8.2.1/:/usr/lib/gcc/x86_64-pc-linux-gnu/8.2.1/:/usr/lib/gcc/x86_64-pc-linux-gnu/:/usr/lib/gcc/x86_64-pc-linux-gnu/8.2.1/:/usr/lib/gcc/x86_64-pc-linux-gnu/]
  ignore line: [LIBRARY_PATH=/usr/lib/gcc/x86_64-pc-linux-gnu/8.2.1/:/usr/lib/gcc/x86_64-pc-linux-gnu/8.2.1/../../../../lib/:/lib/../lib/:/usr/lib/../lib/:/usr/lib/gcc/x86_64-pc-linux-gnu/8.2.1/../../../:/lib/:/usr/lib/]
  ignore line: [COLLECT_GCC_OPTIONS='-v' '-o' 'cmTC_a2c66' '-shared-libgcc' '-mtune=generic' '-march=x86-64']
  link line: [ /usr/lib/gcc/x86_64-pc-linux-gnu/8.2.1/collect2 -plugin /usr/lib/gcc/x86_64-pc-linux-gnu/8.2.1/liblto_plugin.so -plugin-opt=/usr/lib/gcc/x86_64-pc-linux-gnu/8.2.1/lto-wrapper -plugin-opt=-fresolution=/tmp/cci57T6P.res -plugin-opt=-pass-through=-lgcc_s -plugin-opt=-pass-through=-lgcc -plugin-opt=-pass-through=-lc -plugin-opt=-pass-through=-lgcc_s -plugin-opt=-pass-through=-lgcc --build-id --eh-frame-hdr --hash-style=gnu -m elf_x86_64 -dynamic-linker /lib64/ld-linux-x86-64.so.2 -pie -o cmTC_a2c66 /usr/lib/gcc/x86_64-pc-linux-gnu/8.2.1/../../../../lib/Scrt1.o /usr/lib/gcc/x86_64-pc-linux-gnu/8.2.1/../../../../lib/crti.o /usr/lib/gcc/x86_64-pc-linux-gnu/8.2.1/crtbeginS.o -L/usr/lib/gcc/x86_64-pc-linux-gnu/8.2.1 -L/usr/lib/gcc/x86_64-pc-linux-gnu/8.2.1/../../../../lib -L/lib/../lib -L/usr/lib/../lib -L/usr/lib/gcc/x86_64-pc-linux-gnu/8.2.1/../../.. CMakeFiles/cmTC_a2c66.dir/CMakeCXXCompilerABI.cpp.o -lstdc++ -lm -lgcc_s -lgcc -lc -lgcc_s -lgcc /usr/lib/gcc/x86_64-pc-linux-gnu/8.2.1/crtendS.o /usr/lib/gcc/x86_64-pc-linux-gnu/8.2.1/../../../../lib/crtn.o]
    arg [/usr/lib/gcc/x86_64-pc-linux-gnu/8.2.1/collect2] ==> ignore
    arg [-plugin] ==> ignore
    arg [/usr/lib/gcc/x86_64-pc-linux-gnu/8.2.1/liblto_plugin.so] ==> ignore
    arg [-plugin-opt=/usr/lib/gcc/x86_64-pc-linux-gnu/8.2.1/lto-wrapper] ==> ignore
    arg [-plugin-opt=-fresolution=/tmp/cci57T6P.res] ==> ignore
    arg [-plugin-opt=-pass-through=-lgcc_s] ==> ignore
    arg [-plugin-opt=-pass-through=-lgcc] ==> ignore
    arg [-plugin-opt=-pass-through=-lc] ==> ignore
    arg [-plugin-opt=-pass-through=-lgcc_s] ==> ignore
    arg [-plugin-opt=-pass-through=-lgcc] ==> ignore
    arg [--build-id] ==> ignore
    arg [--eh-frame-hdr] ==> ignore
    arg [--hash-style=gnu] ==> ignore
    arg [-m] ==> ignore
    arg [elf_x86_64] ==> ignore
    arg [-dynamic-linker] ==> ignore
    arg [/lib64/ld-linux-x86-64.so.2] ==> ignore
    arg [-pie] ==> ignore
    arg [-o] ==> ignore
    arg [cmTC_a2c66] ==> ignore
    arg [/usr/lib/gcc/x86_64-pc-linux-gnu/8.2.1/../../../../lib/Scrt1.o] ==> ignore
    arg [/usr/lib/gcc/x86_64-pc-linux-gnu/8.2.1/../../../../lib/crti.o] ==> ignore
    arg [/usr/lib/gcc/x86_64-pc-linux-gnu/8.2.1/crtbeginS.o] ==> ignore
    arg [-L/usr/lib/gcc/x86_64-pc-linux-gnu/8.2.1] ==> dir [/usr/lib/gcc/x86_64-pc-linux-gnu/8.2.1]
    arg [-L/usr/lib/gcc/x86_64-pc-linux-gnu/8.2.1/../../../../lib] ==> dir [/usr/lib/gcc/x86_64-pc-linux-gnu/8.2.1/../../../../lib]
    arg [-L/lib/../lib] ==> dir [/lib/../lib]
    arg [-L/usr/lib/../lib] ==> dir [/usr/lib/../lib]
    arg [-L/usr/lib/gcc/x86_64-pc-linux-gnu/8.2.1/../../..] ==> dir [/usr/lib/gcc/x86_64-pc-linux-gnu/8.2.1/../../..]
    arg [CMakeFiles/cmTC_a2c66.dir/CMakeCXXCompilerABI.cpp.o] ==> ignore
    arg [-lstdc++] ==> lib [stdc++]
    arg [-lm] ==> lib [m]
    arg [-lgcc_s] ==> lib [gcc_s]
    arg [-lgcc] ==> lib [gcc]
    arg [-lc] ==> lib [c]
    arg [-lgcc_s] ==> lib [gcc_s]
    arg [-lgcc] ==> lib [gcc]
    arg [/usr/lib/gcc/x86_64-pc-linux-gnu/8.2.1/crtendS.o] ==> ignore
    arg [/usr/lib/gcc/x86_64-pc-linux-gnu/8.2.1/../../../../lib/crtn.o] ==> ignore
  collapse library dir [/usr/lib/gcc/x86_64-pc-linux-gnu/8.2.1] ==> [/usr/lib/gcc/x86_64-pc-linux-gnu/8.2.1]
  collapse library dir [/usr/lib/gcc/x86_64-pc-linux-gnu/8.2.1/../../../../lib] ==> [/usr/lib]
  collapse library dir [/lib/../lib] ==> [/lib]
  collapse library dir [/usr/lib/../lib] ==> [/usr/lib]
  collapse library dir [/usr/lib/gcc/x86_64-pc-linux-gnu/8.2.1/../../..] ==> [/usr/lib]
  implicit libs: [stdc++;m;gcc_s;gcc;c;gcc_s;gcc]
  implicit dirs: [/usr/lib/gcc/x86_64-pc-linux-gnu/8.2.1;/usr/lib;/lib]
  implicit fwks: []




Detecting CXX [-std=c++2a] compiler features compiled with the following output:
Change Dir: /home/xhh/CLionProjects/opengl/opengl01/cmake-build-debug/CMakeFiles/CMakeTmp

Run Build Command:"/usr/bin/make" "cmTC_dbcc5/fast"
/usr/bin/make -f CMakeFiles/cmTC_dbcc5.dir/build.make CMakeFiles/cmTC_dbcc5.dir/build
make[1]: 进入目录“/home/xhh/CLionProjects/opengl/opengl01/cmake-build-debug/CMakeFiles/CMakeTmp”
Building CXX object CMakeFiles/cmTC_dbcc5.dir/feature_tests.cxx.o
/usr/bin/c++    -std=c++2a -o CMakeFiles/cmTC_dbcc5.dir/feature_tests.cxx.o -c /home/xhh/CLionProjects/opengl/opengl01/cmake-build-debug/CMakeFiles/feature_tests.cxx
Linking CXX executable cmTC_dbcc5
/home/xhh/.local/share/JetBrains/Toolbox/apps/CLion/ch-0/183.4588.63/bin/cmake/linux/bin/cmake -E cmake_link_script CMakeFiles/cmTC_dbcc5.dir/link.txt --verbose=1
/usr/bin/c++       CMakeFiles/cmTC_dbcc5.dir/feature_tests.cxx.o  -o cmTC_dbcc5 
make[1]: 离开目录“/home/xhh/CLionProjects/opengl/opengl01/cmake-build-debug/CMakeFiles/CMakeTmp”


    Feature record: CXX_FEATURE:1cxx_aggregate_default_initializers
    Feature record: CXX_FEATURE:1cxx_alias_templates
    Feature record: CXX_FEATURE:1cxx_alignas
    Feature record: CXX_FEATURE:1cxx_alignof
    Feature record: CXX_FEATURE:1cxx_attributes
    Feature record: CXX_FEATURE:1cxx_attribute_deprecated
    Feature record: CXX_FEATURE:1cxx_auto_type
    Feature record: CXX_FEATURE:1cxx_binary_literals
    Feature record: CXX_FEATURE:1cxx_constexpr
    Feature record: CXX_FEATURE:1cxx_contextual_conversions
    Feature record: CXX_FEATURE:1cxx_decltype
    Feature record: CXX_FEATURE:1cxx_decltype_auto
    Feature record: CXX_FEATURE:1cxx_decltype_incomplete_return_types
    Feature record: CXX_FEATURE:1cxx_default_function_template_args
    Feature record: CXX_FEATURE:1cxx_defaulted_functions
    Feature record: CXX_FEATURE:1cxx_defaulted_move_initializers
    Feature record: CXX_FEATURE:1cxx_delegating_constructors
    Feature record: CXX_FEATURE:1cxx_deleted_functions
    Feature record: CXX_FEATURE:1cxx_digit_separators
    Feature record: CXX_FEATURE:1cxx_enum_forward_declarations
    Feature record: CXX_FEATURE:1cxx_explicit_conversions
    Feature record: CXX_FEATURE:1cxx_extended_friend_declarations
    Feature record: CXX_FEATURE:1cxx_extern_templates
    Feature record: CXX_FEATURE:1cxx_final
    Feature record: CXX_FEATURE:1cxx_func_identifier
    Feature record: CXX_FEATURE:1cxx_generalized_initializers
    Feature record: CXX_FEATURE:1cxx_generic_lambdas
    Feature record: CXX_FEATURE:1cxx_inheriting_constructors
    Feature record: CXX_FEATURE:1cxx_inline_namespaces
    Feature record: CXX_FEATURE:1cxx_lambdas
    Feature record: CXX_FEATURE:1cxx_lambda_init_captures
    Feature record: CXX_FEATURE:1cxx_local_type_template_args
    Feature record: CXX_FEATURE:1cxx_long_long_type
    Feature record: CXX_FEATURE:1cxx_noexcept
    Feature record: CXX_FEATURE:1cxx_nonstatic_member_init
    Feature record: CXX_FEATURE:1cxx_nullptr
    Feature record: CXX_FEATURE:1cxx_override
    Feature record: CXX_FEATURE:1cxx_range_for
    Feature record: CXX_FEATURE:1cxx_raw_string_literals
    Feature record: CXX_FEATURE:1cxx_reference_qualified_functions
    Feature record: CXX_FEATURE:1cxx_relaxed_constexpr
    Feature record: CXX_FEATURE:1cxx_return_type_deduction
    Feature record: CXX_FEATURE:1cxx_right_angle_brackets
    Feature record: CXX_FEATURE:1cxx_rvalue_references
    Feature record: CXX_FEATURE:1cxx_sizeof_member
    Feature record: CXX_FEATURE:1cxx_static_assert
    Feature record: CXX_FEATURE:1cxx_strong_enums
    Feature record: CXX_FEATURE:1cxx_template_template_parameters
    Feature record: CXX_FEATURE:1cxx_thread_local
    Feature record: CXX_FEATURE:1cxx_trailing_return_types
    Feature record: CXX_FEATURE:1cxx_unicode_literals
    Feature record: CXX_FEATURE:1cxx_uniform_initialization
    Feature record: CXX_FEATURE:1cxx_unrestricted_unions
    Feature record: CXX_FEATURE:1cxx_user_literals
    Feature record: CXX_FEATURE:1cxx_variable_templates
    Feature record: CXX_FEATURE:1cxx_variadic_macros
    Feature record: CXX_FEATURE:1cxx_variadic_templates


Detecting CXX [-std=c++17] compiler features compiled with the following output:
Change Dir: /home/xhh/CLionProjects/opengl/opengl01/cmake-build-debug/CMakeFiles/CMakeTmp

Run Build Command:"/usr/bin/make" "cmTC_2ada9/fast"
/usr/bin/make -f CMakeFiles/cmTC_2ada9.dir/build.make CMakeFiles/cmTC_2ada9.dir/build
make[1]: 进入目录“/home/xhh/CLionProjects/opengl/opengl01/cmake-build-debug/CMakeFiles/CMakeTmp”
Building CXX object CMakeFiles/cmTC_2ada9.dir/feature_tests.cxx.o
/usr/bin/c++    -std=c++17 -o CMakeFiles/cmTC_2ada9.dir/feature_tests.cxx.o -c /home/xhh/CLionProjects/opengl/opengl01/cmake-build-debug/CMakeFiles/feature_tests.cxx
Linking CXX executable cmTC_2ada9
/home/xhh/.local/share/JetBrains/Toolbox/apps/CLion/ch-0/183.4588.63/bin/cmake/linux/bin/cmake -E cmake_link_script CMakeFiles/cmTC_2ada9.dir/link.txt --verbose=1
/usr/bin/c++       CMakeFiles/cmTC_2ada9.dir/feature_tests.cxx.o  -o cmTC_2ada9 
make[1]: 离开目录“/home/xhh/CLionProjects/opengl/opengl01/cmake-build-debug/CMakeFiles/CMakeTmp”


    Feature record: CXX_FEATURE:1cxx_aggregate_default_initializers
    Feature record: CXX_FEATURE:1cxx_alias_templates
    Feature record: CXX_FEATURE:1cxx_alignas
    Feature record: CXX_FEATURE:1cxx_alignof
    Feature record: CXX_FEATURE:1cxx_attributes
    Feature record: CXX_FEATURE:1cxx_attribute_deprecated
    Feature record: CXX_FEATURE:1cxx_auto_type
    Feature record: CXX_FEATURE:1cxx_binary_literals
    Feature record: CXX_FEATURE:1cxx_constexpr
    Feature record: CXX_FEATURE:1cxx_contextual_conversions
    Feature record: CXX_FEATURE:1cxx_decltype
    Feature record: CXX_FEATURE:1cxx_decltype_auto
    Feature record: CXX_FEATURE:1cxx_decltype_incomplete_return_types
    Feature record: CXX_FEATURE:1cxx_default_function_template_args
    Feature record: CXX_FEATURE:1cxx_defaulted_functions
    Feature record: CXX_FEATURE:1cxx_defaulted_move_initializers
    Feature record: CXX_FEATURE:1cxx_delegating_constructors
    Feature record: CXX_FEATURE:1cxx_deleted_functions
    Feature record: CXX_FEATURE:1cxx_digit_separators
    Feature record: CXX_FEATURE:1cxx_enum_forward_declarations
    Feature record: CXX_FEATURE:1cxx_explicit_conversions
    Feature record: CXX_FEATURE:1cxx_extended_friend_declarations
    Feature record: CXX_FEATURE:1cxx_extern_templates
    Feature record: CXX_FEATURE:1cxx_final
    Feature record: CXX_FEATURE:1cxx_func_identifier
    Feature record: CXX_FEATURE:1cxx_generalized_initializers
    Feature record: CXX_FEATURE:1cxx_generic_lambdas
    Feature record: CXX_FEATURE:1cxx_inheriting_constructors
    Feature record: CXX_FEATURE:1cxx_inline_namespaces
    Feature record: CXX_FEATURE:1cxx_lambdas
    Feature record: CXX_FEATURE:1cxx_lambda_init_captures
    Feature record: CXX_FEATURE:1cxx_local_type_template_args
    Feature record: CXX_FEATURE:1cxx_long_long_type
    Feature record: CXX_FEATURE:1cxx_noexcept
    Feature record: CXX_FEATURE:1cxx_nonstatic_member_init
    Feature record: CXX_FEATURE:1cxx_nullptr
    Feature record: CXX_FEATURE:1cxx_override
    Feature record: CXX_FEATURE:1cxx_range_for
    Feature record: CXX_FEATURE:1cxx_raw_string_literals
    Feature record: CXX_FEATURE:1cxx_reference_qualified_functions
    Feature record: CXX_FEATURE:1cxx_relaxed_constexpr
    Feature record: CXX_FEATURE:1cxx_return_type_deduction
    Feature record: CXX_FEATURE:1cxx_right_angle_brackets
    Feature record: CXX_FEATURE:1cxx_rvalue_references
    Feature record: CXX_FEATURE:1cxx_sizeof_member
    Feature record: CXX_FEATURE:1cxx_static_assert
    Feature record: CXX_FEATURE:1cxx_strong_enums
    Feature record: CXX_FEATURE:1cxx_template_template_parameters
    Feature record: CXX_FEATURE:1cxx_thread_local
    Feature record: CXX_FEATURE:1cxx_trailing_return_types
    Feature record: CXX_FEATURE:1cxx_unicode_literals
    Feature record: CXX_FEATURE:1cxx_uniform_initialization
    Feature record: CXX_FEATURE:1cxx_unrestricted_unions
    Feature record: CXX_FEATURE:1cxx_user_literals
    Feature record: CXX_FEATURE:1cxx_variable_templates
    Feature record: CXX_FEATURE:1cxx_variadic_macros
    Feature record: CXX_FEATURE:1cxx_variadic_templates


Detecting CXX [-std=c++14] compiler features compiled with the following output:
Change Dir: /home/xhh/CLionProjects/opengl/opengl01/cmake-build-debug/CMakeFiles/CMakeTmp

Run Build Command:"/usr/bin/make" "cmTC_3357b/fast"
/usr/bin/make -f CMakeFiles/cmTC_3357b.dir/build.make CMakeFiles/cmTC_3357b.dir/build
make[1]: 进入目录“/home/xhh/CLionProjects/opengl/opengl01/cmake-build-debug/CMakeFiles/CMakeTmp”
Building CXX object CMakeFiles/cmTC_3357b.dir/feature_tests.cxx.o
/usr/bin/c++    -std=c++14 -o CMakeFiles/cmTC_3357b.dir/feature_tests.cxx.o -c /home/xhh/CLionProjects/opengl/opengl01/cmake-build-debug/CMakeFiles/feature_tests.cxx
Linking CXX executable cmTC_3357b
/home/xhh/.local/share/JetBrains/Toolbox/apps/CLion/ch-0/183.4588.63/bin/cmake/linux/bin/cmake -E cmake_link_script CMakeFiles/cmTC_3357b.dir/link.txt --verbose=1
/usr/bin/c++       CMakeFiles/cmTC_3357b.dir/feature_tests.cxx.o  -o cmTC_3357b 
make[1]: 离开目录“/home/xhh/CLionProjects/opengl/opengl01/cmake-build-debug/CMakeFiles/CMakeTmp”


    Feature record: CXX_FEATURE:1cxx_aggregate_default_initializers
    Feature record: CXX_FEATURE:1cxx_alias_templates
    Feature record: CXX_FEATURE:1cxx_alignas
    Feature record: CXX_FEATURE:1cxx_alignof
    Feature record: CXX_FEATURE:1cxx_attributes
    Feature record: CXX_FEATURE:1cxx_attribute_deprecated
    Feature record: CXX_FEATURE:1cxx_auto_type
    Feature record: CXX_FEATURE:1cxx_binary_literals
    Feature record: CXX_FEATURE:1cxx_constexpr
    Feature record: CXX_FEATURE:1cxx_contextual_conversions
    Feature record: CXX_FEATURE:1cxx_decltype
    Feature record: CXX_FEATURE:1cxx_decltype_auto
    Feature record: CXX_FEATURE:1cxx_decltype_incomplete_return_types
    Feature record: CXX_FEATURE:1cxx_default_function_template_args
    Feature record: CXX_FEATURE:1cxx_defaulted_functions
    Feature record: CXX_FEATURE:1cxx_defaulted_move_initializers
    Feature record: CXX_FEATURE:1cxx_delegating_constructors
    Feature record: CXX_FEATURE:1cxx_deleted_functions
    Feature record: CXX_FEATURE:1cxx_digit_separators
    Feature record: CXX_FEATURE:1cxx_enum_forward_declarations
    Feature record: CXX_FEATURE:1cxx_explicit_conversions
    Feature record: CXX_FEATURE:1cxx_extended_friend_declarations
    Feature record: CXX_FEATURE:1cxx_extern_templates
    Feature record: CXX_FEATURE:1cxx_final
    Feature record: CXX_FEATURE:1cxx_func_identifier
    Feature record: CXX_FEATURE:1cxx_generalized_initializers
    Feature record: CXX_FEATURE:1cxx_generic_lambdas
    Feature record: CXX_FEATURE:1cxx_inheriting_constructors
    Feature record: CXX_FEATURE:1cxx_inline_namespaces
    Feature record: CXX_FEATURE:1cxx_lambdas
    Feature record: CXX_FEATURE:1cxx_lambda_init_captures
    Feature record: CXX_FEATURE:1cxx_local_type_template_args
    Feature record: CXX_FEATURE:1cxx_long_long_type
    Feature record: CXX_FEATURE:1cxx_noexcept
    Feature record: CXX_FEATURE:1cxx_nonstatic_member_init
    Feature record: CXX_FEATURE:1cxx_nullptr
    Feature record: CXX_FEATURE:1cxx_override
    Feature record: CXX_FEATURE:1cxx_range_for
    Feature record: CXX_FEATURE:1cxx_raw_string_literals
    Feature record: CXX_FEATURE:1cxx_reference_qualified_functions
    Feature record: CXX_FEATURE:1cxx_relaxed_constexpr
    Feature record: CXX_FEATURE:1cxx_return_type_deduction
    Feature record: CXX_FEATURE:1cxx_right_angle_brackets
    Feature record: CXX_FEATURE:1cxx_rvalue_references
    Feature record: CXX_FEATURE:1cxx_sizeof_member
    Feature record: CXX_FEATURE:1cxx_static_assert
    Feature record: CXX_FEATURE:1cxx_strong_enums
    Feature record: CXX_FEATURE:1cxx_template_template_parameters
    Feature record: CXX_FEATURE:1cxx_thread_local
    Feature record: CXX_FEATURE:1cxx_trailing_return_types
    Feature record: CXX_FEATURE:1cxx_unicode_literals
    Feature record: CXX_FEATURE:1cxx_uniform_initialization
    Feature record: CXX_FEATURE:1cxx_unrestricted_unions
    Feature record: CXX_FEATURE:1cxx_user_literals
    Feature record: CXX_FEATURE:1cxx_variable_templates
    Feature record: CXX_FEATURE:1cxx_variadic_macros
    Feature record: CXX_FEATURE:1cxx_variadic_templates


Detecting CXX [-std=c++11] compiler features compiled with the following output:
Change Dir: /home/xhh/CLionProjects/opengl/opengl01/cmake-build-debug/CMakeFiles/CMakeTmp

Run Build Command:"/usr/bin/make" "cmTC_1062f/fast"
/usr/bin/make -f CMakeFiles/cmTC_1062f.dir/build.make CMakeFiles/cmTC_1062f.dir/build
make[1]: 进入目录“/home/xhh/CLionProjects/opengl/opengl01/cmake-build-debug/CMakeFiles/CMakeTmp”
Building CXX object CMakeFiles/cmTC_1062f.dir/feature_tests.cxx.o
/usr/bin/c++    -std=c++11 -o CMakeFiles/cmTC_1062f.dir/feature_tests.cxx.o -c /home/xhh/CLionProjects/opengl/opengl01/cmake-build-debug/CMakeFiles/feature_tests.cxx
Linking CXX executable cmTC_1062f
/home/xhh/.local/share/JetBrains/Toolbox/apps/CLion/ch-0/183.4588.63/bin/cmake/linux/bin/cmake -E cmake_link_script CMakeFiles/cmTC_1062f.dir/link.txt --verbose=1
/usr/bin/c++       CMakeFiles/cmTC_1062f.dir/feature_tests.cxx.o  -o cmTC_1062f 
make[1]: 离开目录“/home/xhh/CLionProjects/opengl/opengl01/cmake-build-debug/CMakeFiles/CMakeTmp”


    Feature record: CXX_FEATURE:0cxx_aggregate_default_initializers
    Feature record: CXX_FEATURE:1cxx_alias_templates
    Feature record: CXX_FEATURE:1cxx_alignas
    Feature record: CXX_FEATURE:1cxx_alignof
    Feature record: CXX_FEATURE:1cxx_attributes
    Feature record: CXX_FEATURE:0cxx_attribute_deprecated
    Feature record: CXX_FEATURE:1cxx_auto_type
    Feature record: CXX_FEATURE:0cxx_binary_literals
    Feature record: CXX_FEATURE:1cxx_constexpr
    Feature record: CXX_FEATURE:0cxx_contextual_conversions
    Feature record: CXX_FEATURE:1cxx_decltype
    Feature record: CXX_FEATURE:0cxx_decltype_auto
    Feature record: CXX_FEATURE:1cxx_decltype_incomplete_return_types
    Feature record: CXX_FEATURE:1cxx_default_function_template_args
    Feature record: CXX_FEATURE:1cxx_defaulted_functions
    Feature record: CXX_FEATURE:1cxx_defaulted_move_initializers
    Feature record: CXX_FEATURE:1cxx_delegating_constructors
    Feature record: CXX_FEATURE:1cxx_deleted_functions
    Feature record: CXX_FEATURE:0cxx_digit_separators
    Feature record: CXX_FEATURE:1cxx_enum_forward_declarations
    Feature record: CXX_FEATURE:1cxx_explicit_conversions
    Feature record: CXX_FEATURE:1cxx_extended_friend_declarations
    Feature record: CXX_FEATURE:1cxx_extern_templates
    Feature record: CXX_FEATURE:1cxx_final
    Feature record: CXX_FEATURE:1cxx_func_identifier
    Feature record: CXX_FEATURE:1cxx_generalized_initializers
    Feature record: CXX_FEATURE:0cxx_generic_lambdas
    Feature record: CXX_FEATURE:1cxx_inheriting_constructors
    Feature record: CXX_FEATURE:1cxx_inline_namespaces
    Feature record: CXX_FEATURE:1cxx_lambdas
    Feature record: CXX_FEATURE:0cxx_lambda_init_captures
    Feature record: CXX_FEATURE:1cxx_local_type_template_args
    Feature record: CXX_FEATURE:1cxx_long_long_type
    Feature record: CXX_FEATURE:1cxx_noexcept
    Feature record: CXX_FEATURE:1cxx_nonstatic_member_init
    Feature record: CXX_FEATURE:1cxx_nullptr
    Feature record: CXX_FEATURE:1cxx_override
    Feature record: CXX_FEATURE:1cxx_range_for
    Feature record: CXX_FEATURE:1cxx_raw_string_literals
    Feature record: CXX_FEATURE:1cxx_reference_qualified_functions
    Feature record: CXX_FEATURE:0cxx_relaxed_constexpr
    Feature record: CXX_FEATURE:0cxx_return_type_deduction
    Feature record: CXX_FEATURE:1cxx_right_angle_brackets
    Feature record: CXX_FEATURE:1cxx_rvalue_references
    Feature record: CXX_FEATURE:1cxx_sizeof_member
    Feature record: CXX_FEATURE:1cxx_static_assert
    Feature record: CXX_FEATURE:1cxx_strong_enums
    Feature record: CXX_FEATURE:1cxx_template_template_parameters
    Feature record: CXX_FEATURE:1cxx_thread_local
    Feature record: CXX_FEATURE:1cxx_trailing_return_types
    Feature record: CXX_FEATURE:1cxx_unicode_literals
    Feature record: CXX_FEATURE:1cxx_uniform_initialization
    Feature record: CXX_FEATURE:1cxx_unrestricted_unions
    Feature record: CXX_FEATURE:1cxx_user_literals
    Feature record: CXX_FEATURE:0cxx_variable_templates
    Feature record: CXX_FEATURE:1cxx_variadic_macros
    Feature record: CXX_FEATURE:1cxx_variadic_templates


Detecting CXX [-std=c++98] compiler features compiled with the following output:
Change Dir: /home/xhh/CLionProjects/opengl/opengl01/cmake-build-debug/CMakeFiles/CMakeTmp

Run Build Command:"/usr/bin/make" "cmTC_3d6b7/fast"
/usr/bin/make -f CMakeFiles/cmTC_3d6b7.dir/build.make CMakeFiles/cmTC_3d6b7.dir/build
make[1]: 进入目录“/home/xhh/CLionProjects/opengl/opengl01/cmake-build-debug/CMakeFiles/CMakeTmp”
Building CXX object CMakeFiles/cmTC_3d6b7.dir/feature_tests.cxx.o
/usr/bin/c++    -std=c++98 -o CMakeFiles/cmTC_3d6b7.dir/feature_tests.cxx.o -c /home/xhh/CLionProjects/opengl/opengl01/cmake-build-debug/CMakeFiles/feature_tests.cxx
Linking CXX executable cmTC_3d6b7
/home/xhh/.local/share/JetBrains/Toolbox/apps/CLion/ch-0/183.4588.63/bin/cmake/linux/bin/cmake -E cmake_link_script CMakeFiles/cmTC_3d6b7.dir/link.txt --verbose=1
/usr/bin/c++       CMakeFiles/cmTC_3d6b7.dir/feature_tests.cxx.o  -o cmTC_3d6b7 
make[1]: 离开目录“/home/xhh/CLionProjects/opengl/opengl01/cmake-build-debug/CMakeFiles/CMakeTmp”


    Feature record: CXX_FEATURE:0cxx_aggregate_default_initializers
    Feature record: CXX_FEATURE:0cxx_alias_templates
    Feature record: CXX_FEATURE:0cxx_alignas
    Feature record: CXX_FEATURE:0cxx_alignof
    Feature record: CXX_FEATURE:0cxx_attributes
    Feature record: CXX_FEATURE:0cxx_attribute_deprecated
    Feature record: CXX_FEATURE:0cxx_auto_type
    Feature record: CXX_FEATURE:0cxx_binary_literals
    Feature record: CXX_FEATURE:0cxx_constexpr
    Feature record: CXX_FEATURE:0cxx_contextual_conversions
    Feature record: CXX_FEATURE:0cxx_decltype
    Feature record: CXX_FEATURE:0cxx_decltype_auto
    Feature record: CXX_FEATURE:0cxx_decltype_incomplete_return_types
    Feature record: CXX_FEATURE:0cxx_default_function_template_args
    Feature record: CXX_FEATURE:0cxx_defaulted_functions
    Feature record: CXX_FEATURE:0cxx_defaulted_move_initializers
    Feature record: CXX_FEATURE:0cxx_delegating_constructors
    Feature record: CXX_FEATURE:0cxx_deleted_functions
    Feature record: CXX_FEATURE:0cxx_digit_separators
    Feature record: CXX_FEATURE:0cxx_enum_forward_declarations
    Feature record: CXX_FEATURE:0cxx_explicit_conversions
    Feature record: CXX_FEATURE:0cxx_extended_friend_declarations
    Feature record: CXX_FEATURE:0cxx_extern_templates
    Feature record: CXX_FEATURE:0cxx_final
    Feature record: CXX_FEATURE:0cxx_func_identifier
    Feature record: CXX_FEATURE:0cxx_generalized_initializers
    Feature record: CXX_FEATURE:0cxx_generic_lambdas
    Feature record: CXX_FEATURE:0cxx_inheriting_constructors
    Feature record: CXX_FEATURE:0cxx_inline_namespaces
    Feature record: CXX_FEATURE:0cxx_lambdas
    Feature record: CXX_FEATURE:0cxx_lambda_init_captures
    Feature record: CXX_FEATURE:0cxx_local_type_template_args
    Feature record: CXX_FEATURE:0cxx_long_long_type
    Feature record: CXX_FEATURE:0cxx_noexcept
    Feature record: CXX_FEATURE:0cxx_nonstatic_member_init
    Feature record: CXX_FEATURE:0cxx_nullptr
    Feature record: CXX_FEATURE:0cxx_override
    Feature record: CXX_FEATURE:0cxx_range_for
    Feature record: CXX_FEATURE:0cxx_raw_string_literals
    Feature record: CXX_FEATURE:0cxx_reference_qualified_functions
    Feature record: CXX_FEATURE:0cxx_relaxed_constexpr
    Feature record: CXX_FEATURE:0cxx_return_type_deduction
    Feature record: CXX_FEATURE:0cxx_right_angle_brackets
    Feature record: CXX_FEATURE:0cxx_rvalue_references
    Feature record: CXX_FEATURE:0cxx_sizeof_member
    Feature record: CXX_FEATURE:0cxx_static_assert
    Feature record: CXX_FEATURE:0cxx_strong_enums
    Feature record: CXX_FEATURE:1cxx_template_template_parameters
    Feature record: CXX_FEATURE:0cxx_thread_local
    Feature record: CXX_FEATURE:0cxx_trailing_return_types
    Feature record: CXX_FEATURE:0cxx_unicode_literals
    Feature record: CXX_FEATURE:0cxx_uniform_initialization
    Feature record: CXX_FEATURE:0cxx_unrestricted_unions
    Feature record: CXX_FEATURE:0cxx_user_literals
    Feature record: CXX_FEATURE:0cxx_variable_templates
    Feature record: CXX_FEATURE:0cxx_variadic_macros
    Feature record: CXX_FEATURE:0cxx_variadic_templates
The system is: Linux - 4.19.11-arch1-1-ARCH - x86_64
Compiling the C compiler identification source file "CMakeCCompilerId.c" succeeded.
Compiler: /usr/bin/cc 
Build flags: 
Id flags:  

The output was:
0


Compilation of the C compiler identification source "CMakeCCompilerId.c" produced "a.out"

The C compiler identification is GNU, found in "/home/xhh/CLionProjects/opengl/opengl01/cmake-build-debug/CMakeFiles/3.13.2/CompilerIdC/a.out"

Compiling the CXX compiler identification source file "CMakeCXXCompilerId.cpp" succeeded.
Compiler: /usr/bin/c++ 
Build flags: 
Id flags:  

The output was:
0


Compilation of the CXX compiler identification source "CMakeCXXCompilerId.cpp" produced "a.out"

The CXX compiler identification is GNU, found in "/home/xhh/CLionProjects/opengl/opengl01/cmake-build-debug/CMakeFiles/3.13.2/CompilerIdCXX/a.out"

Determining if the C compiler works passed with the following output:
Change Dir: /home/xhh/CLionProjects/opengl/opengl01/cmake-build-debug/CMakeFiles/CMakeTmp

Run Build Command:"/usr/bin/make" "cmTC_0b3bf/fast"
/usr/bin/make -f CMakeFiles/cmTC_0b3bf.dir/build.make CMakeFiles/cmTC_0b3bf.dir/build
make[1]: 进入目录“/home/xhh/CLionProjects/opengl/opengl01/cmake-build-debug/CMakeFiles/CMakeTmp”
Building C object CMakeFiles/cmTC_0b3bf.dir/testCCompiler.c.o
/usr/bin/cc    -o CMakeFiles/cmTC_0b3bf.dir/testCCompiler.c.o   -c /home/xhh/CLionProjects/opengl/opengl01/cmake-build-debug/CMakeFiles/CMakeTmp/testCCompiler.c
Linking C executable cmTC_0b3bf
/home/xhh/.local/share/JetBrains/Toolbox/apps/CLion/ch-0/183.4886.39/bin/cmake/linux/bin/cmake -E cmake_link_script CMakeFiles/cmTC_0b3bf.dir/link.txt --verbose=1
/usr/bin/cc      CMakeFiles/cmTC_0b3bf.dir/testCCompiler.c.o  -o cmTC_0b3bf 
make[1]: 离开目录“/home/xhh/CLionProjects/opengl/opengl01/cmake-build-debug/CMakeFiles/CMakeTmp”


Detecting C compiler ABI info compiled with the following output:
Change Dir: /home/xhh/CLionProjects/opengl/opengl01/cmake-build-debug/CMakeFiles/CMakeTmp

Run Build Command:"/usr/bin/make" "cmTC_c35fb/fast"
/usr/bin/make -f CMakeFiles/cmTC_c35fb.dir/build.make CMakeFiles/cmTC_c35fb.dir/build
make[1]: 进入目录“/home/xhh/CLionProjects/opengl/opengl01/cmake-build-debug/CMakeFiles/CMakeTmp”
Building C object CMakeFiles/cmTC_c35fb.dir/CMakeCCompilerABI.c.o
/usr/bin/cc    -o CMakeFiles/cmTC_c35fb.dir/CMakeCCompilerABI.c.o   -c /home/xhh/.local/share/JetBrains/Toolbox/apps/CLion/ch-0/183.4886.39/bin/cmake/linux/share/cmake-3.13/Modules/CMakeCCompilerABI.c
Linking C executable cmTC_c35fb
/home/xhh/.local/share/JetBrains/Toolbox/apps/CLion/ch-0/183.4886.39/bin/cmake/linux/bin/cmake -E cmake_link_script CMakeFiles/cmTC_c35fb.dir/link.txt --verbose=1
/usr/bin/cc     -v CMakeFiles/cmTC_c35fb.dir/CMakeCCompilerABI.c.o  -o cmTC_c35fb 
使用内建 specs。
COLLECT_GCC=/usr/bin/cc
COLLECT_LTO_WRAPPER=/usr/lib/gcc/x86_64-pc-linux-gnu/8.2.1/lto-wrapper
目标：x86_64-pc-linux-gnu
配置为：/build/gcc/src/gcc/configure --prefix=/usr --libdir=/usr/lib --libexecdir=/usr/lib --mandir=/usr/share/man --infodir=/usr/share/info --with-bugurl=https://bugs.archlinux.org/ --enable-languages=c,c++,ada,fortran,go,lto,objc,obj-c++ --enable-shared --enable-threads=posix --enable-libmpx --with-system-zlib --with-isl --enable-__cxa_atexit --disable-libunwind-exceptions --enable-clocale=gnu --disable-libstdcxx-pch --disable-libssp --enable-gnu-unique-object --enable-linker-build-id --enable-lto --enable-plugin --enable-install-libiberty --with-linker-hash-style=gnu --enable-gnu-indirect-function --enable-multilib --disable-werror --enable-checking=release --enable-default-pie --enable-default-ssp --enable-cet=auto
线程模型：posix
gcc 版本 8.2.1 20181127 (GCC) 
COMPILER_PATH=/usr/lib/gcc/x86_64-pc-linux-gnu/8.2.1/:/usr/lib/gcc/x86_64-pc-linux-gnu/8.2.1/:/usr/lib/gcc/x86_64-pc-linux-gnu/:/usr/lib/gcc/x86_64-pc-linux-gnu/8.2.1/:/usr/lib/gcc/x86_64-pc-linux-gnu/
LIBRARY_PATH=/usr/lib/gcc/x86_64-pc-linux-gnu/8.2.1/:/usr/lib/gcc/x86_64-pc-linux-gnu/8.2.1/../../../../lib/:/lib/../lib/:/usr/lib/../lib/:/usr/lib/gcc/x86_64-pc-linux-gnu/8.2.1/../../../:/lib/:/usr/lib/
COLLECT_GCC_OPTIONS='-v' '-o' 'cmTC_c35fb' '-mtune=generic' '-march=x86-64'
 /usr/lib/gcc/x86_64-pc-linux-gnu/8.2.1/collect2 -plugin /usr/lib/gcc/x86_64-pc-linux-gnu/8.2.1/liblto_plugin.so -plugin-opt=/usr/lib/gcc/x86_64-pc-linux-gnu/8.2.1/lto-wrapper -plugin-opt=-fresolution=/tmp/ccb8BUIt.res -plugin-opt=-pass-through=-lgcc -plugin-opt=-pass-through=-lgcc_s -plugin-opt=-pass-through=-lc -plugin-opt=-pass-through=-lgcc -plugin-opt=-pass-through=-lgcc_s --build-id --eh-frame-hdr --hash-style=gnu -m elf_x86_64 -dynamic-linker /lib64/ld-linux-x86-64.so.2 -pie -o cmTC_c35fb /usr/lib/gcc/x86_64-pc-linux-gnu/8.2.1/../../../../lib/Scrt1.o /usr/lib/gcc/x86_64-pc-linux-gnu/8.2.1/../../../../lib/crti.o /usr/lib/gcc/x86_64-pc-linux-gnu/8.2.1/crtbeginS.o -L/usr/lib/gcc/x86_64-pc-linux-gnu/8.2.1 -L/usr/lib/gcc/x86_64-pc-linux-gnu/8.2.1/../../../../lib -L/lib/../lib -L/usr/lib/../lib -L/usr/lib/gcc/x86_64-pc-linux-gnu/8.2.1/../../.. CMakeFiles/cmTC_c35fb.dir/CMakeCCompilerABI.c.o -lgcc --as-needed -lgcc_s --no-as-needed -lc -lgcc --as-needed -lgcc_s --no-as-needed /usr/lib/gcc/x86_64-pc-linux-gnu/8.2.1/crtendS.o /usr/lib/gcc/x86_64-pc-linux-gnu/8.2.1/../../../../lib/crtn.o
COLLECT_GCC_OPTIONS='-v' '-o' 'cmTC_c35fb' '-mtune=generic' '-march=x86-64'
make[1]: 离开目录“/home/xhh/CLionProjects/opengl/opengl01/cmake-build-debug/CMakeFiles/CMakeTmp”


Parsed C implicit link information from above output:
  link line regex: [^( *|.*[/\])(ld|CMAKE_LINK_STARTFILE-NOTFOUND|([^/\]+-)?ld|collect2)[^/\]*( |$)]
  ignore line: [Change Dir: /home/xhh/CLionProjects/opengl/opengl01/cmake-build-debug/CMakeFiles/CMakeTmp]
  ignore line: []
  ignore line: [Run Build Command:"/usr/bin/make" "cmTC_c35fb/fast"]
  ignore line: [/usr/bin/make -f CMakeFiles/cmTC_c35fb.dir/build.make CMakeFiles/cmTC_c35fb.dir/build]
  ignore line: [make[1]: 进入目录“/home/xhh/CLionProjects/opengl/opengl01/cmake-build-debug/CMakeFiles/CMakeTmp”]
  ignore line: [Building C object CMakeFiles/cmTC_c35fb.dir/CMakeCCompilerABI.c.o]
  ignore line: [/usr/bin/cc    -o CMakeFiles/cmTC_c35fb.dir/CMakeCCompilerABI.c.o   -c /home/xhh/.local/share/JetBrains/Toolbox/apps/CLion/ch-0/183.4886.39/bin/cmake/linux/share/cmake-3.13/Modules/CMakeCCompilerABI.c]
  ignore line: [Linking C executable cmTC_c35fb]
  ignore line: [/home/xhh/.local/share/JetBrains/Toolbox/apps/CLion/ch-0/183.4886.39/bin/cmake/linux/bin/cmake -E cmake_link_script CMakeFiles/cmTC_c35fb.dir/link.txt --verbose=1]
  ignore line: [/usr/bin/cc     -v CMakeFiles/cmTC_c35fb.dir/CMakeCCompilerABI.c.o  -o cmTC_c35fb ]
  ignore line: [使用内建 specs。]
  ignore line: [COLLECT_GCC=/usr/bin/cc]
  ignore line: [COLLECT_LTO_WRAPPER=/usr/lib/gcc/x86_64-pc-linux-gnu/8.2.1/lto-wrapper]
  ignore line: [目标：x86_64-pc-linux-gnu]
  ignore line: [配置为：/build/gcc/src/gcc/configure --prefix=/usr --libdir=/usr/lib --libexecdir=/usr/lib --mandir=/usr/share/man --infodir=/usr/share/info --with-bugurl=https://bugs.archlinux.org/ --enable-languages=c,c++,ada,fortran,go,lto,objc,obj-c++ --enable-shared --enable-threads=posix --enable-libmpx --with-system-zlib --with-isl --enable-__cxa_atexit --disable-libunwind-exceptions --enable-clocale=gnu --disable-libstdcxx-pch --disable-libssp --enable-gnu-unique-object --enable-linker-build-id --enable-lto --enable-plugin --enable-install-libiberty --with-linker-hash-style=gnu --enable-gnu-indirect-function --enable-multilib --disable-werror --enable-checking=release --enable-default-pie --enable-default-ssp --enable-cet=auto]
  ignore line: [线程模型：posix]
  ignore line: [gcc 版本 8.2.1 20181127 (GCC) ]
  ignore line: [COMPILER_PATH=/usr/lib/gcc/x86_64-pc-linux-gnu/8.2.1/:/usr/lib/gcc/x86_64-pc-linux-gnu/8.2.1/:/usr/lib/gcc/x86_64-pc-linux-gnu/:/usr/lib/gcc/x86_64-pc-linux-gnu/8.2.1/:/usr/lib/gcc/x86_64-pc-linux-gnu/]
  ignore line: [LIBRARY_PATH=/usr/lib/gcc/x86_64-pc-linux-gnu/8.2.1/:/usr/lib/gcc/x86_64-pc-linux-gnu/8.2.1/../../../../lib/:/lib/../lib/:/usr/lib/../lib/:/usr/lib/gcc/x86_64-pc-linux-gnu/8.2.1/../../../:/lib/:/usr/lib/]
  ignore line: [COLLECT_GCC_OPTIONS='-v' '-o' 'cmTC_c35fb' '-mtune=generic' '-march=x86-64']
  link line: [ /usr/lib/gcc/x86_64-pc-linux-gnu/8.2.1/collect2 -plugin /usr/lib/gcc/x86_64-pc-linux-gnu/8.2.1/liblto_plugin.so -plugin-opt=/usr/lib/gcc/x86_64-pc-linux-gnu/8.2.1/lto-wrapper -plugin-opt=-fresolution=/tmp/ccb8BUIt.res -plugin-opt=-pass-through=-lgcc -plugin-opt=-pass-through=-lgcc_s -plugin-opt=-pass-through=-lc -plugin-opt=-pass-through=-lgcc -plugin-opt=-pass-through=-lgcc_s --build-id --eh-frame-hdr --hash-style=gnu -m elf_x86_64 -dynamic-linker /lib64/ld-linux-x86-64.so.2 -pie -o cmTC_c35fb /usr/lib/gcc/x86_64-pc-linux-gnu/8.2.1/../../../../lib/Scrt1.o /usr/lib/gcc/x86_64-pc-linux-gnu/8.2.1/../../../../lib/crti.o /usr/lib/gcc/x86_64-pc-linux-gnu/8.2.1/crtbeginS.o -L/usr/lib/gcc/x86_64-pc-linux-gnu/8.2.1 -L/usr/lib/gcc/x86_64-pc-linux-gnu/8.2.1/../../../../lib -L/lib/../lib -L/usr/lib/../lib -L/usr/lib/gcc/x86_64-pc-linux-gnu/8.2.1/../../.. CMakeFiles/cmTC_c35fb.dir/CMakeCCompilerABI.c.o -lgcc --as-needed -lgcc_s --no-as-needed -lc -lgcc --as-needed -lgcc_s --no-as-needed /usr/lib/gcc/x86_64-pc-linux-gnu/8.2.1/crtendS.o /usr/lib/gcc/x86_64-pc-linux-gnu/8.2.1/../../../../lib/crtn.o]
    arg [/usr/lib/gcc/x86_64-pc-linux-gnu/8.2.1/collect2] ==> ignore
    arg [-plugin] ==> ignore
    arg [/usr/lib/gcc/x86_64-pc-linux-gnu/8.2.1/liblto_plugin.so] ==> ignore
    arg [-plugin-opt=/usr/lib/gcc/x86_64-pc-linux-gnu/8.2.1/lto-wrapper] ==> ignore
    arg [-plugin-opt=-fresolution=/tmp/ccb8BUIt.res] ==> ignore
    arg [-plugin-opt=-pass-through=-lgcc] ==> ignore
    arg [-plugin-opt=-pass-through=-lgcc_s] ==> ignore
    arg [-plugin-opt=-pass-through=-lc] ==> ignore
    arg [-plugin-opt=-pass-through=-lgcc] ==> ignore
    arg [-plugin-opt=-pass-through=-lgcc_s] ==> ignore
    arg [--build-id] ==> ignore
    arg [--eh-frame-hdr] ==> ignore
    arg [--hash-style=gnu] ==> ignore
    arg [-m] ==> ignore
    arg [elf_x86_64] ==> ignore
    arg [-dynamic-linker] ==> ignore
    arg [/lib64/ld-linux-x86-64.so.2] ==> ignore
    arg [-pie] ==> ignore
    arg [-o] ==> ignore
    arg [cmTC_c35fb] ==> ignore
    arg [/usr/lib/gcc/x86_64-pc-linux-gnu/8.2.1/../../../../lib/Scrt1.o] ==> ignore
    arg [/usr/lib/gcc/x86_64-pc-linux-gnu/8.2.1/../../../../lib/crti.o] ==> ignore
    arg [/usr/lib/gcc/x86_64-pc-linux-gnu/8.2.1/crtbeginS.o] ==> ignore
    arg [-L/usr/lib/gcc/x86_64-pc-linux-gnu/8.2.1] ==> dir [/usr/lib/gcc/x86_64-pc-linux-gnu/8.2.1]
    arg [-L/usr/lib/gcc/x86_64-pc-linux-gnu/8.2.1/../../../../lib] ==> dir [/usr/lib/gcc/x86_64-pc-linux-gnu/8.2.1/../../../../lib]
    arg [-L/lib/../lib] ==> dir [/lib/../lib]
    arg [-L/usr/lib/../lib] ==> dir [/usr/lib/../lib]
    arg [-L/usr/lib/gcc/x86_64-pc-linux-gnu/8.2.1/../../..] ==> dir [/usr/lib/gcc/x86_64-pc-linux-gnu/8.2.1/../../..]
    arg [CMakeFiles/cmTC_c35fb.dir/CMakeCCompilerABI.c.o] ==> ignore
    arg [-lgcc] ==> lib [gcc]
    arg [--as-needed] ==> ignore
    arg [-lgcc_s] ==> lib [gcc_s]
    arg [--no-as-needed] ==> ignore
    arg [-lc] ==> lib [c]
    arg [-lgcc] ==> lib [gcc]
    arg [--as-needed] ==> ignore
    arg [-lgcc_s] ==> lib [gcc_s]
    arg [--no-as-needed] ==> ignore
    arg [/usr/lib/gcc/x86_64-pc-linux-gnu/8.2.1/crtendS.o] ==> ignore
    arg [/usr/lib/gcc/x86_64-pc-linux-gnu/8.2.1/../../../../lib/crtn.o] ==> ignore
  collapse library dir [/usr/lib/gcc/x86_64-pc-linux-gnu/8.2.1] ==> [/usr/lib/gcc/x86_64-pc-linux-gnu/8.2.1]
  collapse library dir [/usr/lib/gcc/x86_64-pc-linux-gnu/8.2.1/../../../../lib] ==> [/usr/lib]
  collapse library dir [/lib/../lib] ==> [/lib]
  collapse library dir [/usr/lib/../lib] ==> [/usr/lib]
  collapse library dir [/usr/lib/gcc/x86_64-pc-linux-gnu/8.2.1/../../..] ==> [/usr/lib]
  implicit libs: [gcc;gcc_s;c;gcc;gcc_s]
  implicit dirs: [/usr/lib/gcc/x86_64-pc-linux-gnu/8.2.1;/usr/lib;/lib]
  implicit fwks: []




Detecting C [-std=c11] compiler features compiled with the following output:
Change Dir: /home/xhh/CLionProjects/opengl/opengl01/cmake-build-debug/CMakeFiles/CMakeTmp

Run Build Command:"/usr/bin/make" "cmTC_791b6/fast"
/usr/bin/make -f CMakeFiles/cmTC_791b6.dir/build.make CMakeFiles/cmTC_791b6.dir/build
make[1]: 进入目录“/home/xhh/CLionProjects/opengl/opengl01/cmake-build-debug/CMakeFiles/CMakeTmp”
Building C object CMakeFiles/cmTC_791b6.dir/feature_tests.c.o
/usr/bin/cc   -std=c11 -o CMakeFiles/cmTC_791b6.dir/feature_tests.c.o   -c /home/xhh/CLionProjects/opengl/opengl01/cmake-build-debug/CMakeFiles/feature_tests.c
Linking C executable cmTC_791b6
/home/xhh/.local/share/JetBrains/Toolbox/apps/CLion/ch-0/183.4886.39/bin/cmake/linux/bin/cmake -E cmake_link_script CMakeFiles/cmTC_791b6.dir/link.txt --verbose=1
/usr/bin/cc      CMakeFiles/cmTC_791b6.dir/feature_tests.c.o  -o cmTC_791b6 
make[1]: 离开目录“/home/xhh/CLionProjects/opengl/opengl01/cmake-build-debug/CMakeFiles/CMakeTmp”


    Feature record: C_FEATURE:1c_function_prototypes
    Feature record: C_FEATURE:1c_restrict
    Feature record: C_FEATURE:1c_static_assert
    Feature record: C_FEATURE:1c_variadic_macros


Detecting C [-std=c99] compiler features compiled with the following output:
Change Dir: /home/xhh/CLionProjects/opengl/opengl01/cmake-build-debug/CMakeFiles/CMakeTmp

Run Build Command:"/usr/bin/make" "cmTC_d682e/fast"
/usr/bin/make -f CMakeFiles/cmTC_d682e.dir/build.make CMakeFiles/cmTC_d682e.dir/build
make[1]: 进入目录“/home/xhh/CLionProjects/opengl/opengl01/cmake-build-debug/CMakeFiles/CMakeTmp”
Building C object CMakeFiles/cmTC_d682e.dir/feature_tests.c.o
/usr/bin/cc   -std=c99 -o CMakeFiles/cmTC_d682e.dir/feature_tests.c.o   -c /home/xhh/CLionProjects/opengl/opengl01/cmake-build-debug/CMakeFiles/feature_tests.c
Linking C executable cmTC_d682e
/home/xhh/.local/share/JetBrains/Toolbox/apps/CLion/ch-0/183.4886.39/bin/cmake/linux/bin/cmake -E cmake_link_script CMakeFiles/cmTC_d682e.dir/link.txt --verbose=1
/usr/bin/cc      CMakeFiles/cmTC_d682e.dir/feature_tests.c.o  -o cmTC_d682e 
make[1]: 离开目录“/home/xhh/CLionProjects/opengl/opengl01/cmake-build-debug/CMakeFiles/CMakeTmp”


    Feature record: C_FEATURE:1c_function_prototypes
    Feature record: C_FEATURE:1c_restrict
    Feature record: C_FEATURE:0c_static_assert
    Feature record: C_FEATURE:1c_variadic_macros


Detecting C [-std=c90] compiler features compiled with the following output:
Change Dir: /home/xhh/CLionProjects/opengl/opengl01/cmake-build-debug/CMakeFiles/CMakeTmp

Run Build Command:"/usr/bin/make" "cmTC_43290/fast"
/usr/bin/make -f CMakeFiles/cmTC_43290.dir/build.make CMakeFiles/cmTC_43290.dir/build
make[1]: 进入目录“/home/xhh/CLionProjects/opengl/opengl01/cmake-build-debug/CMakeFiles/CMakeTmp”
Building C object CMakeFiles/cmTC_43290.dir/feature_tests.c.o
/usr/bin/cc   -std=c90 -o CMakeFiles/cmTC_43290.dir/feature_tests.c.o   -c /home/xhh/CLionProjects/opengl/opengl01/cmake-build-debug/CMakeFiles/feature_tests.c
Linking C executable cmTC_43290
/home/xhh/.local/share/JetBrains/Toolbox/apps/CLion/ch-0/183.4886.39/bin/cmake/linux/bin/cmake -E cmake_link_script CMakeFiles/cmTC_43290.dir/link.txt --verbose=1
/usr/bin/cc      CMakeFiles/cmTC_43290.dir/feature_tests.c.o  -o cmTC_43290 
make[1]: 离开目录“/home/xhh/CLionProjects/opengl/opengl01/cmake-build-debug/CMakeFiles/CMakeTmp”


    Feature record: C_FEATURE:1c_function_prototypes
    Feature record: C_FEATURE:0c_restrict
    Feature record: C_FEATURE:0c_static_assert
    Feature record: C_FEATURE:0c_variadic_macros
Determining if the CXX compiler works passed with the following output:
Change Dir: /home/xhh/CLionProjects/opengl/opengl01/cmake-build-debug/CMakeFiles/CMakeTmp

Run Build Command:"/usr/bin/make" "cmTC_e8bbe/fast"
/usr/bin/make -f CMakeFiles/cmTC_e8bbe.dir/build.make CMakeFiles/cmTC_e8bbe.dir/build
make[1]: 进入目录“/home/xhh/CLionProjects/opengl/opengl01/cmake-build-debug/CMakeFiles/CMakeTmp”
Building CXX object CMakeFiles/cmTC_e8bbe.dir/testCXXCompiler.cxx.o
/usr/bin/c++     -o CMakeFiles/cmTC_e8bbe.dir/testCXXCompiler.cxx.o -c /home/xhh/CLionProjects/opengl/opengl01/cmake-build-debug/CMakeFiles/CMakeTmp/testCXXCompiler.cxx
Linking CXX executable cmTC_e8bbe
/home/xhh/.local/share/JetBrains/Toolbox/apps/CLion/ch-0/183.4886.39/bin/cmake/linux/bin/cmake -E cmake_link_script CMakeFiles/cmTC_e8bbe.dir/link.txt --verbose=1
/usr/bin/c++       CMakeFiles/cmTC_e8bbe.dir/testCXXCompiler.cxx.o  -o cmTC_e8bbe 
make[1]: 离开目录“/home/xhh/CLionProjects/opengl/opengl01/cmake-build-debug/CMakeFiles/CMakeTmp”


Detecting CXX compiler ABI info compiled with the following output:
Change Dir: /home/xhh/CLionProjects/opengl/opengl01/cmake-build-debug/CMakeFiles/CMakeTmp

Run Build Command:"/usr/bin/make" "cmTC_9317a/fast"
/usr/bin/make -f CMakeFiles/cmTC_9317a.dir/build.make CMakeFiles/cmTC_9317a.dir/build
make[1]: 进入目录“/home/xhh/CLionProjects/opengl/opengl01/cmake-build-debug/CMakeFiles/CMakeTmp”
Building CXX object CMakeFiles/cmTC_9317a.dir/CMakeCXXCompilerABI.cpp.o
/usr/bin/c++     -o CMakeFiles/cmTC_9317a.dir/CMakeCXXCompilerABI.cpp.o -c /home/xhh/.local/share/JetBrains/Toolbox/apps/CLion/ch-0/183.4886.39/bin/cmake/linux/share/cmake-3.13/Modules/CMakeCXXCompilerABI.cpp
Linking CXX executable cmTC_9317a
/home/xhh/.local/share/JetBrains/Toolbox/apps/CLion/ch-0/183.4886.39/bin/cmake/linux/bin/cmake -E cmake_link_script CMakeFiles/cmTC_9317a.dir/link.txt --verbose=1
/usr/bin/c++      -v CMakeFiles/cmTC_9317a.dir/CMakeCXXCompilerABI.cpp.o  -o cmTC_9317a 
使用内建 specs。
COLLECT_GCC=/usr/bin/c++
COLLECT_LTO_WRAPPER=/usr/lib/gcc/x86_64-pc-linux-gnu/8.2.1/lto-wrapper
目标：x86_64-pc-linux-gnu
配置为：/build/gcc/src/gcc/configure --prefix=/usr --libdir=/usr/lib --libexecdir=/usr/lib --mandir=/usr/share/man --infodir=/usr/share/info --with-bugurl=https://bugs.archlinux.org/ --enable-languages=c,c++,ada,fortran,go,lto,objc,obj-c++ --enable-shared --enable-threads=posix --enable-libmpx --with-system-zlib --with-isl --enable-__cxa_atexit --disable-libunwind-exceptions --enable-clocale=gnu --disable-libstdcxx-pch --disable-libssp --enable-gnu-unique-object --enable-linker-build-id --enable-lto --enable-plugin --enable-install-libiberty --with-linker-hash-style=gnu --enable-gnu-indirect-function --enable-multilib --disable-werror --enable-checking=release --enable-default-pie --enable-default-ssp --enable-cet=auto
线程模型：posix
gcc 版本 8.2.1 20181127 (GCC) 
COMPILER_PATH=/usr/lib/gcc/x86_64-pc-linux-gnu/8.2.1/:/usr/lib/gcc/x86_64-pc-linux-gnu/8.2.1/:/usr/lib/gcc/x86_64-pc-linux-gnu/:/usr/lib/gcc/x86_64-pc-linux-gnu/8.2.1/:/usr/lib/gcc/x86_64-pc-linux-gnu/
LIBRARY_PATH=/usr/lib/gcc/x86_64-pc-linux-gnu/8.2.1/:/usr/lib/gcc/x86_64-pc-linux-gnu/8.2.1/../../../../lib/:/lib/../lib/:/usr/lib/../lib/:/usr/lib/gcc/x86_64-pc-linux-gnu/8.2.1/../../../:/lib/:/usr/lib/
COLLECT_GCC_OPTIONS='-v' '-o' 'cmTC_9317a' '-shared-libgcc' '-mtune=generic' '-march=x86-64'
 /usr/lib/gcc/x86_64-pc-linux-gnu/8.2.1/collect2 -plugin /usr/lib/gcc/x86_64-pc-linux-gnu/8.2.1/liblto_plugin.so -plugin-opt=/usr/lib/gcc/x86_64-pc-linux-gnu/8.2.1/lto-wrapper -plugin-opt=-fresolution=/tmp/ccC8Q5Tg.res -plugin-opt=-pass-through=-lgcc_s -plugin-opt=-pass-through=-lgcc -plugin-opt=-pass-through=-lc -plugin-opt=-pass-through=-lgcc_s -plugin-opt=-pass-through=-lgcc --build-id --eh-frame-hdr --hash-style=gnu -m elf_x86_64 -dynamic-linker /lib64/ld-linux-x86-64.so.2 -pie -o cmTC_9317a /usr/lib/gcc/x86_64-pc-linux-gnu/8.2.1/../../../../lib/Scrt1.o /usr/lib/gcc/x86_64-pc-linux-gnu/8.2.1/../../../../lib/crti.o /usr/lib/gcc/x86_64-pc-linux-gnu/8.2.1/crtbeginS.o -L/usr/lib/gcc/x86_64-pc-linux-gnu/8.2.1 -L/usr/lib/gcc/x86_64-pc-linux-gnu/8.2.1/../../../../lib -L/lib/../lib -L/usr/lib/../lib -L/usr/lib/gcc/x86_64-pc-linux-gnu/8.2.1/../../.. CMakeFiles/cmTC_9317a.dir/CMakeCXXCompilerABI.cpp.o -lstdc++ -lm -lgcc_s -lgcc -lc -lgcc_s -lgcc /usr/lib/gcc/x86_64-pc-linux-gnu/8.2.1/crtendS.o /usr/lib/gcc/x86_64-pc-linux-gnu/8.2.1/../../../../lib/crtn.o
COLLECT_GCC_OPTIONS='-v' '-o' 'cmTC_9317a' '-shared-libgcc' '-mtune=generic' '-march=x86-64'
make[1]: 离开目录“/home/xhh/CLionProjects/opengl/opengl01/cmake-build-debug/CMakeFiles/CMakeTmp”


Parsed CXX implicit link information from above output:
  link line regex: [^( *|.*[/\])(ld|CMAKE_LINK_STARTFILE-NOTFOUND|([^/\]+-)?ld|collect2)[^/\]*( |$)]
  ignore line: [Change Dir: /home/xhh/CLionProjects/opengl/opengl01/cmake-build-debug/CMakeFiles/CMakeTmp]
  ignore line: []
  ignore line: [Run Build Command:"/usr/bin/make" "cmTC_9317a/fast"]
  ignore line: [/usr/bin/make -f CMakeFiles/cmTC_9317a.dir/build.make CMakeFiles/cmTC_9317a.dir/build]
  ignore line: [make[1]: 进入目录“/home/xhh/CLionProjects/opengl/opengl01/cmake-build-debug/CMakeFiles/CMakeTmp”]
  ignore line: [Building CXX object CMakeFiles/cmTC_9317a.dir/CMakeCXXCompilerABI.cpp.o]
  ignore line: [/usr/bin/c++     -o CMakeFiles/cmTC_9317a.dir/CMakeCXXCompilerABI.cpp.o -c /home/xhh/.local/share/JetBrains/Toolbox/apps/CLion/ch-0/183.4886.39/bin/cmake/linux/share/cmake-3.13/Modules/CMakeCXXCompilerABI.cpp]
  ignore line: [Linking CXX executable cmTC_9317a]
  ignore line: [/home/xhh/.local/share/JetBrains/Toolbox/apps/CLion/ch-0/183.4886.39/bin/cmake/linux/bin/cmake -E cmake_link_script CMakeFiles/cmTC_9317a.dir/link.txt --verbose=1]
  ignore line: [/usr/bin/c++      -v CMakeFiles/cmTC_9317a.dir/CMakeCXXCompilerABI.cpp.o  -o cmTC_9317a ]
  ignore line: [使用内建 specs。]
  ignore line: [COLLECT_GCC=/usr/bin/c++]
  ignore line: [COLLECT_LTO_WRAPPER=/usr/lib/gcc/x86_64-pc-linux-gnu/8.2.1/lto-wrapper]
  ignore line: [目标：x86_64-pc-linux-gnu]
  ignore line: [配置为：/build/gcc/src/gcc/configure --prefix=/usr --libdir=/usr/lib --libexecdir=/usr/lib --mandir=/usr/share/man --infodir=/usr/share/info --with-bugurl=https://bugs.archlinux.org/ --enable-languages=c,c++,ada,fortran,go,lto,objc,obj-c++ --enable-shared --enable-threads=posix --enable-libmpx --with-system-zlib --with-isl --enable-__cxa_atexit --disable-libunwind-exceptions --enable-clocale=gnu --disable-libstdcxx-pch --disable-libssp --enable-gnu-unique-object --enable-linker-build-id --enable-lto --enable-plugin --enable-install-libiberty --with-linker-hash-style=gnu --enable-gnu-indirect-function --enable-multilib --disable-werror --enable-checking=release --enable-default-pie --enable-default-ssp --enable-cet=auto]
  ignore line: [线程模型：posix]
  ignore line: [gcc 版本 8.2.1 20181127 (GCC) ]
  ignore line: [COMPILER_PATH=/usr/lib/gcc/x86_64-pc-linux-gnu/8.2.1/:/usr/lib/gcc/x86_64-pc-linux-gnu/8.2.1/:/usr/lib/gcc/x86_64-pc-linux-gnu/:/usr/lib/gcc/x86_64-pc-linux-gnu/8.2.1/:/usr/lib/gcc/x86_64-pc-linux-gnu/]
  ignore line: [LIBRARY_PATH=/usr/lib/gcc/x86_64-pc-linux-gnu/8.2.1/:/usr/lib/gcc/x86_64-pc-linux-gnu/8.2.1/../../../../lib/:/lib/../lib/:/usr/lib/../lib/:/usr/lib/gcc/x86_64-pc-linux-gnu/8.2.1/../../../:/lib/:/usr/lib/]
  ignore line: [COLLECT_GCC_OPTIONS='-v' '-o' 'cmTC_9317a' '-shared-libgcc' '-mtune=generic' '-march=x86-64']
  link line: [ /usr/lib/gcc/x86_64-pc-linux-gnu/8.2.1/collect2 -plugin /usr/lib/gcc/x86_64-pc-linux-gnu/8.2.1/liblto_plugin.so -plugin-opt=/usr/lib/gcc/x86_64-pc-linux-gnu/8.2.1/lto-wrapper -plugin-opt=-fresolution=/tmp/ccC8Q5Tg.res -plugin-opt=-pass-through=-lgcc_s -plugin-opt=-pass-through=-lgcc -plugin-opt=-pass-through=-lc -plugin-opt=-pass-through=-lgcc_s -plugin-opt=-pass-through=-lgcc --build-id --eh-frame-hdr --hash-style=gnu -m elf_x86_64 -dynamic-linker /lib64/ld-linux-x86-64.so.2 -pie -o cmTC_9317a /usr/lib/gcc/x86_64-pc-linux-gnu/8.2.1/../../../../lib/Scrt1.o /usr/lib/gcc/x86_64-pc-linux-gnu/8.2.1/../../../../lib/crti.o /usr/lib/gcc/x86_64-pc-linux-gnu/8.2.1/crtbeginS.o -L/usr/lib/gcc/x86_64-pc-linux-gnu/8.2.1 -L/usr/lib/gcc/x86_64-pc-linux-gnu/8.2.1/../../../../lib -L/lib/../lib -L/usr/lib/../lib -L/usr/lib/gcc/x86_64-pc-linux-gnu/8.2.1/../../.. CMakeFiles/cmTC_9317a.dir/CMakeCXXCompilerABI.cpp.o -lstdc++ -lm -lgcc_s -lgcc -lc -lgcc_s -lgcc /usr/lib/gcc/x86_64-pc-linux-gnu/8.2.1/crtendS.o /usr/lib/gcc/x86_64-pc-linux-gnu/8.2.1/../../../../lib/crtn.o]
    arg [/usr/lib/gcc/x86_64-pc-linux-gnu/8.2.1/collect2] ==> ignore
    arg [-plugin] ==> ignore
    arg [/usr/lib/gcc/x86_64-pc-linux-gnu/8.2.1/liblto_plugin.so] ==> ignore
    arg [-plugin-opt=/usr/lib/gcc/x86_64-pc-linux-gnu/8.2.1/lto-wrapper] ==> ignore
    arg [-plugin-opt=-fresolution=/tmp/ccC8Q5Tg.res] ==> ignore
    arg [-plugin-opt=-pass-through=-lgcc_s] ==> ignore
    arg [-plugin-opt=-pass-through=-lgcc] ==> ignore
    arg [-plugin-opt=-pass-through=-lc] ==> ignore
    arg [-plugin-opt=-pass-through=-lgcc_s] ==> ignore
    arg [-plugin-opt=-pass-through=-lgcc] ==> ignore
    arg [--build-id] ==> ignore
    arg [--eh-frame-hdr] ==> ignore
    arg [--hash-style=gnu] ==> ignore
    arg [-m] ==> ignore
    arg [elf_x86_64] ==> ignore
    arg [-dynamic-linker] ==> ignore
    arg [/lib64/ld-linux-x86-64.so.2] ==> ignore
    arg [-pie] ==> ignore
    arg [-o] ==> ignore
    arg [cmTC_9317a] ==> ignore
    arg [/usr/lib/gcc/x86_64-pc-linux-gnu/8.2.1/../../../../lib/Scrt1.o] ==> ignore
    arg [/usr/lib/gcc/x86_64-pc-linux-gnu/8.2.1/../../../../lib/crti.o] ==> ignore
    arg [/usr/lib/gcc/x86_64-pc-linux-gnu/8.2.1/crtbeginS.o] ==> ignore
    arg [-L/usr/lib/gcc/x86_64-pc-linux-gnu/8.2.1] ==> dir [/usr/lib/gcc/x86_64-pc-linux-gnu/8.2.1]
    arg [-L/usr/lib/gcc/x86_64-pc-linux-gnu/8.2.1/../../../../lib] ==> dir [/usr/lib/gcc/x86_64-pc-linux-gnu/8.2.1/../../../../lib]
    arg [-L/lib/../lib] ==> dir [/lib/../lib]
    arg [-L/usr/lib/../lib] ==> dir [/usr/lib/../lib]
    arg [-L/usr/lib/gcc/x86_64-pc-linux-gnu/8.2.1/../../..] ==> dir [/usr/lib/gcc/x86_64-pc-linux-gnu/8.2.1/../../..]
    arg [CMakeFiles/cmTC_9317a.dir/CMakeCXXCompilerABI.cpp.o] ==> ignore
    arg [-lstdc++] ==> lib [stdc++]
    arg [-lm] ==> lib [m]
    arg [-lgcc_s] ==> lib [gcc_s]
    arg [-lgcc] ==> lib [gcc]
    arg [-lc] ==> lib [c]
    arg [-lgcc_s] ==> lib [gcc_s]
    arg [-lgcc] ==> lib [gcc]
    arg [/usr/lib/gcc/x86_64-pc-linux-gnu/8.2.1/crtendS.o] ==> ignore
    arg [/usr/lib/gcc/x86_64-pc-linux-gnu/8.2.1/../../../../lib/crtn.o] ==> ignore
  collapse library dir [/usr/lib/gcc/x86_64-pc-linux-gnu/8.2.1] ==> [/usr/lib/gcc/x86_64-pc-linux-gnu/8.2.1]
  collapse library dir [/usr/lib/gcc/x86_64-pc-linux-gnu/8.2.1/../../../../lib] ==> [/usr/lib]
  collapse library dir [/lib/../lib] ==> [/lib]
  collapse library dir [/usr/lib/../lib] ==> [/usr/lib]
  collapse library dir [/usr/lib/gcc/x86_64-pc-linux-gnu/8.2.1/../../..] ==> [/usr/lib]
  implicit libs: [stdc++;m;gcc_s;gcc;c;gcc_s;gcc]
  implicit dirs: [/usr/lib/gcc/x86_64-pc-linux-gnu/8.2.1;/usr/lib;/lib]
  implicit fwks: []




Detecting CXX [-std=c++2a] compiler features compiled with the following output:
Change Dir: /home/xhh/CLionProjects/opengl/opengl01/cmake-build-debug/CMakeFiles/CMakeTmp

Run Build Command:"/usr/bin/make" "cmTC_bf8dd/fast"
/usr/bin/make -f CMakeFiles/cmTC_bf8dd.dir/build.make CMakeFiles/cmTC_bf8dd.dir/build
make[1]: 进入目录“/home/xhh/CLionProjects/opengl/opengl01/cmake-build-debug/CMakeFiles/CMakeTmp”
Building CXX object CMakeFiles/cmTC_bf8dd.dir/feature_tests.cxx.o
/usr/bin/c++    -std=c++2a -o CMakeFiles/cmTC_bf8dd.dir/feature_tests.cxx.o -c /home/xhh/CLionProjects/opengl/opengl01/cmake-build-debug/CMakeFiles/feature_tests.cxx
Linking CXX executable cmTC_bf8dd
/home/xhh/.local/share/JetBrains/Toolbox/apps/CLion/ch-0/183.4886.39/bin/cmake/linux/bin/cmake -E cmake_link_script CMakeFiles/cmTC_bf8dd.dir/link.txt --verbose=1
/usr/bin/c++       CMakeFiles/cmTC_bf8dd.dir/feature_tests.cxx.o  -o cmTC_bf8dd 
make[1]: 离开目录“/home/xhh/CLionProjects/opengl/opengl01/cmake-build-debug/CMakeFiles/CMakeTmp”


    Feature record: CXX_FEATURE:1cxx_aggregate_default_initializers
    Feature record: CXX_FEATURE:1cxx_alias_templates
    Feature record: CXX_FEATURE:1cxx_alignas
    Feature record: CXX_FEATURE:1cxx_alignof
    Feature record: CXX_FEATURE:1cxx_attributes
    Feature record: CXX_FEATURE:1cxx_attribute_deprecated
    Feature record: CXX_FEATURE:1cxx_auto_type
    Feature record: CXX_FEATURE:1cxx_binary_literals
    Feature record: CXX_FEATURE:1cxx_constexpr
    Feature record: CXX_FEATURE:1cxx_contextual_conversions
    Feature record: CXX_FEATURE:1cxx_decltype
    Feature record: CXX_FEATURE:1cxx_decltype_auto
    Feature record: CXX_FEATURE:1cxx_decltype_incomplete_return_types
    Feature record: CXX_FEATURE:1cxx_default_function_template_args
    Feature record: CXX_FEATURE:1cxx_defaulted_functions
    Feature record: CXX_FEATURE:1cxx_defaulted_move_initializers
    Feature record: CXX_FEATURE:1cxx_delegating_constructors
    Feature record: CXX_FEATURE:1cxx_deleted_functions
    Feature record: CXX_FEATURE:1cxx_digit_separators
    Feature record: CXX_FEATURE:1cxx_enum_forward_declarations
    Feature record: CXX_FEATURE:1cxx_explicit_conversions
    Feature record: CXX_FEATURE:1cxx_extended_friend_declarations
    Feature record: CXX_FEATURE:1cxx_extern_templates
    Feature record: CXX_FEATURE:1cxx_final
    Feature record: CXX_FEATURE:1cxx_func_identifier
    Feature record: CXX_FEATURE:1cxx_generalized_initializers
    Feature record: CXX_FEATURE:1cxx_generic_lambdas
    Feature record: CXX_FEATURE:1cxx_inheriting_constructors
    Feature record: CXX_FEATURE:1cxx_inline_namespaces
    Feature record: CXX_FEATURE:1cxx_lambdas
    Feature record: CXX_FEATURE:1cxx_lambda_init_captures
    Feature record: CXX_FEATURE:1cxx_local_type_template_args
    Feature record: CXX_FEATURE:1cxx_long_long_type
    Feature record: CXX_FEATURE:1cxx_noexcept
    Feature record: CXX_FEATURE:1cxx_nonstatic_member_init
    Feature record: CXX_FEATURE:1cxx_nullptr
    Feature record: CXX_FEATURE:1cxx_override
    Feature record: CXX_FEATURE:1cxx_range_for
    Feature record: CXX_FEATURE:1cxx_raw_string_literals
    Feature record: CXX_FEATURE:1cxx_reference_qualified_functions
    Feature record: CXX_FEATURE:1cxx_relaxed_constexpr
    Feature record: CXX_FEATURE:1cxx_return_type_deduction
    Feature record: CXX_FEATURE:1cxx_right_angle_brackets
    Feature record: CXX_FEATURE:1cxx_rvalue_references
    Feature record: CXX_FEATURE:1cxx_sizeof_member
    Feature record: CXX_FEATURE:1cxx_static_assert
    Feature record: CXX_FEATURE:1cxx_strong_enums
    Feature record: CXX_FEATURE:1cxx_template_template_parameters
    Feature record: CXX_FEATURE:1cxx_thread_local
    Feature record: CXX_FEATURE:1cxx_trailing_return_types
    Feature record: CXX_FEATURE:1cxx_unicode_literals
    Feature record: CXX_FEATURE:1cxx_uniform_initialization
    Feature record: CXX_FEATURE:1cxx_unrestricted_unions
    Feature record: CXX_FEATURE:1cxx_user_literals
    Feature record: CXX_FEATURE:1cxx_variable_templates
    Feature record: CXX_FEATURE:1cxx_variadic_macros
    Feature record: CXX_FEATURE:1cxx_variadic_templates


Detecting CXX [-std=c++17] compiler features compiled with the following output:
Change Dir: /home/xhh/CLionProjects/opengl/opengl01/cmake-build-debug/CMakeFiles/CMakeTmp

Run Build Command:"/usr/bin/make" "cmTC_e8612/fast"
/usr/bin/make -f CMakeFiles/cmTC_e8612.dir/build.make CMakeFiles/cmTC_e8612.dir/build
make[1]: 进入目录“/home/xhh/CLionProjects/opengl/opengl01/cmake-build-debug/CMakeFiles/CMakeTmp”
Building CXX object CMakeFiles/cmTC_e8612.dir/feature_tests.cxx.o
/usr/bin/c++    -std=c++17 -o CMakeFiles/cmTC_e8612.dir/feature_tests.cxx.o -c /home/xhh/CLionProjects/opengl/opengl01/cmake-build-debug/CMakeFiles/feature_tests.cxx
Linking CXX executable cmTC_e8612
/home/xhh/.local/share/JetBrains/Toolbox/apps/CLion/ch-0/183.4886.39/bin/cmake/linux/bin/cmake -E cmake_link_script CMakeFiles/cmTC_e8612.dir/link.txt --verbose=1
/usr/bin/c++       CMakeFiles/cmTC_e8612.dir/feature_tests.cxx.o  -o cmTC_e8612 
make[1]: 离开目录“/home/xhh/CLionProjects/opengl/opengl01/cmake-build-debug/CMakeFiles/CMakeTmp”


    Feature record: CXX_FEATURE:1cxx_aggregate_default_initializers
    Feature record: CXX_FEATURE:1cxx_alias_templates
    Feature record: CXX_FEATURE:1cxx_alignas
    Feature record: CXX_FEATURE:1cxx_alignof
    Feature record: CXX_FEATURE:1cxx_attributes
    Feature record: CXX_FEATURE:1cxx_attribute_deprecated
    Feature record: CXX_FEATURE:1cxx_auto_type
    Feature record: CXX_FEATURE:1cxx_binary_literals
    Feature record: CXX_FEATURE:1cxx_constexpr
    Feature record: CXX_FEATURE:1cxx_contextual_conversions
    Feature record: CXX_FEATURE:1cxx_decltype
    Feature record: CXX_FEATURE:1cxx_decltype_auto
    Feature record: CXX_FEATURE:1cxx_decltype_incomplete_return_types
    Feature record: CXX_FEATURE:1cxx_default_function_template_args
    Feature record: CXX_FEATURE:1cxx_defaulted_functions
    Feature record: CXX_FEATURE:1cxx_defaulted_move_initializers
    Feature record: CXX_FEATURE:1cxx_delegating_constructors
    Feature record: CXX_FEATURE:1cxx_deleted_functions
    Feature record: CXX_FEATURE:1cxx_digit_separators
    Feature record: CXX_FEATURE:1cxx_enum_forward_declarations
    Feature record: CXX_FEATURE:1cxx_explicit_conversions
    Feature record: CXX_FEATURE:1cxx_extended_friend_declarations
    Feature record: CXX_FEATURE:1cxx_extern_templates
    Feature record: CXX_FEATURE:1cxx_final
    Feature record: CXX_FEATURE:1cxx_func_identifier
    Feature record: CXX_FEATURE:1cxx_generalized_initializers
    Feature record: CXX_FEATURE:1cxx_generic_lambdas
    Feature record: CXX_FEATURE:1cxx_inheriting_constructors
    Feature record: CXX_FEATURE:1cxx_inline_namespaces
    Feature record: CXX_FEATURE:1cxx_lambdas
    Feature record: CXX_FEATURE:1cxx_lambda_init_captures
    Feature record: CXX_FEATURE:1cxx_local_type_template_args
    Feature record: CXX_FEATURE:1cxx_long_long_type
    Feature record: CXX_FEATURE:1cxx_noexcept
    Feature record: CXX_FEATURE:1cxx_nonstatic_member_init
    Feature record: CXX_FEATURE:1cxx_nullptr
    Feature record: CXX_FEATURE:1cxx_override
    Feature record: CXX_FEATURE:1cxx_range_for
    Feature record: CXX_FEATURE:1cxx_raw_string_literals
    Feature record: CXX_FEATURE:1cxx_reference_qualified_functions
    Feature record: CXX_FEATURE:1cxx_relaxed_constexpr
    Feature record: CXX_FEATURE:1cxx_return_type_deduction
    Feature record: CXX_FEATURE:1cxx_right_angle_brackets
    Feature record: CXX_FEATURE:1cxx_rvalue_references
    Feature record: CXX_FEATURE:1cxx_sizeof_member
    Feature record: CXX_FEATURE:1cxx_static_assert
    Feature record: CXX_FEATURE:1cxx_strong_enums
    Feature record: CXX_FEATURE:1cxx_template_template_parameters
    Feature record: CXX_FEATURE:1cxx_thread_local
    Feature record: CXX_FEATURE:1cxx_trailing_return_types
    Feature record: CXX_FEATURE:1cxx_unicode_literals
    Feature record: CXX_FEATURE:1cxx_uniform_initialization
    Feature record: CXX_FEATURE:1cxx_unrestricted_unions
    Feature record: CXX_FEATURE:1cxx_user_literals
    Feature record: CXX_FEATURE:1cxx_variable_templates
    Feature record: CXX_FEATURE:1cxx_variadic_macros
    Feature record: CXX_FEATURE:1cxx_variadic_templates


Detecting CXX [-std=c++14] compiler features compiled with the following output:
Change Dir: /home/xhh/CLionProjects/opengl/opengl01/cmake-build-debug/CMakeFiles/CMakeTmp

Run Build Command:"/usr/bin/make" "cmTC_d2198/fast"
/usr/bin/make -f CMakeFiles/cmTC_d2198.dir/build.make CMakeFiles/cmTC_d2198.dir/build
make[1]: 进入目录“/home/xhh/CLionProjects/opengl/opengl01/cmake-build-debug/CMakeFiles/CMakeTmp”
Building CXX object CMakeFiles/cmTC_d2198.dir/feature_tests.cxx.o
/usr/bin/c++    -std=c++14 -o CMakeFiles/cmTC_d2198.dir/feature_tests.cxx.o -c /home/xhh/CLionProjects/opengl/opengl01/cmake-build-debug/CMakeFiles/feature_tests.cxx
Linking CXX executable cmTC_d2198
/home/xhh/.local/share/JetBrains/Toolbox/apps/CLion/ch-0/183.4886.39/bin/cmake/linux/bin/cmake -E cmake_link_script CMakeFiles/cmTC_d2198.dir/link.txt --verbose=1
/usr/bin/c++       CMakeFiles/cmTC_d2198.dir/feature_tests.cxx.o  -o cmTC_d2198 
make[1]: 离开目录“/home/xhh/CLionProjects/opengl/opengl01/cmake-build-debug/CMakeFiles/CMakeTmp”


    Feature record: CXX_FEATURE:1cxx_aggregate_default_initializers
    Feature record: CXX_FEATURE:1cxx_alias_templates
    Feature record: CXX_FEATURE:1cxx_alignas
    Feature record: CXX_FEATURE:1cxx_alignof
    Feature record: CXX_FEATURE:1cxx_attributes
    Feature record: CXX_FEATURE:1cxx_attribute_deprecated
    Feature record: CXX_FEATURE:1cxx_auto_type
    Feature record: CXX_FEATURE:1cxx_binary_literals
    Feature record: CXX_FEATURE:1cxx_constexpr
    Feature record: CXX_FEATURE:1cxx_contextual_conversions
    Feature record: CXX_FEATURE:1cxx_decltype
    Feature record: CXX_FEATURE:1cxx_decltype_auto
    Feature record: CXX_FEATURE:1cxx_decltype_incomplete_return_types
    Feature record: CXX_FEATURE:1cxx_default_function_template_args
    Feature record: CXX_FEATURE:1cxx_defaulted_functions
    Feature record: CXX_FEATURE:1cxx_defaulted_move_initializers
    Feature record: CXX_FEATURE:1cxx_delegating_constructors
    Feature record: CXX_FEATURE:1cxx_deleted_functions
    Feature record: CXX_FEATURE:1cxx_digit_separators
    Feature record: CXX_FEATURE:1cxx_enum_forward_declarations
    Feature record: CXX_FEATURE:1cxx_explicit_conversions
    Feature record: CXX_FEATURE:1cxx_extended_friend_declarations
    Feature record: CXX_FEATURE:1cxx_extern_templates
    Feature record: CXX_FEATURE:1cxx_final
    Feature record: CXX_FEATURE:1cxx_func_identifier
    Feature record: CXX_FEATURE:1cxx_generalized_initializers
    Feature record: CXX_FEATURE:1cxx_generic_lambdas
    Feature record: CXX_FEATURE:1cxx_inheriting_constructors
    Feature record: CXX_FEATURE:1cxx_inline_namespaces
    Feature record: CXX_FEATURE:1cxx_lambdas
    Feature record: CXX_FEATURE:1cxx_lambda_init_captures
    Feature record: CXX_FEATURE:1cxx_local_type_template_args
    Feature record: CXX_FEATURE:1cxx_long_long_type
    Feature record: CXX_FEATURE:1cxx_noexcept
    Feature record: CXX_FEATURE:1cxx_nonstatic_member_init
    Feature record: CXX_FEATURE:1cxx_nullptr
    Feature record: CXX_FEATURE:1cxx_override
    Feature record: CXX_FEATURE:1cxx_range_for
    Feature record: CXX_FEATURE:1cxx_raw_string_literals
    Feature record: CXX_FEATURE:1cxx_reference_qualified_functions
    Feature record: CXX_FEATURE:1cxx_relaxed_constexpr
    Feature record: CXX_FEATURE:1cxx_return_type_deduction
    Feature record: CXX_FEATURE:1cxx_right_angle_brackets
    Feature record: CXX_FEATURE:1cxx_rvalue_references
    Feature record: CXX_FEATURE:1cxx_sizeof_member
    Feature record: CXX_FEATURE:1cxx_static_assert
    Feature record: CXX_FEATURE:1cxx_strong_enums
    Feature record: CXX_FEATURE:1cxx_template_template_parameters
    Feature record: CXX_FEATURE:1cxx_thread_local
    Feature record: CXX_FEATURE:1cxx_trailing_return_types
    Feature record: CXX_FEATURE:1cxx_unicode_literals
    Feature record: CXX_FEATURE:1cxx_uniform_initialization
    Feature record: CXX_FEATURE:1cxx_unrestricted_unions
    Feature record: CXX_FEATURE:1cxx_user_literals
    Feature record: CXX_FEATURE:1cxx_variable_templates
    Feature record: CXX_FEATURE:1cxx_variadic_macros
    Feature record: CXX_FEATURE:1cxx_variadic_templates


Detecting CXX [-std=c++11] compiler features compiled with the following output:
Change Dir: /home/xhh/CLionProjects/opengl/opengl01/cmake-build-debug/CMakeFiles/CMakeTmp

Run Build Command:"/usr/bin/make" "cmTC_8d24e/fast"
/usr/bin/make -f CMakeFiles/cmTC_8d24e.dir/build.make CMakeFiles/cmTC_8d24e.dir/build
make[1]: 进入目录“/home/xhh/CLionProjects/opengl/opengl01/cmake-build-debug/CMakeFiles/CMakeTmp”
Building CXX object CMakeFiles/cmTC_8d24e.dir/feature_tests.cxx.o
/usr/bin/c++    -std=c++11 -o CMakeFiles/cmTC_8d24e.dir/feature_tests.cxx.o -c /home/xhh/CLionProjects/opengl/opengl01/cmake-build-debug/CMakeFiles/feature_tests.cxx
Linking CXX executable cmTC_8d24e
/home/xhh/.local/share/JetBrains/Toolbox/apps/CLion/ch-0/183.4886.39/bin/cmake/linux/bin/cmake -E cmake_link_script CMakeFiles/cmTC_8d24e.dir/link.txt --verbose=1
/usr/bin/c++       CMakeFiles/cmTC_8d24e.dir/feature_tests.cxx.o  -o cmTC_8d24e 
make[1]: 离开目录“/home/xhh/CLionProjects/opengl/opengl01/cmake-build-debug/CMakeFiles/CMakeTmp”


    Feature record: CXX_FEATURE:0cxx_aggregate_default_initializers
    Feature record: CXX_FEATURE:1cxx_alias_templates
    Feature record: CXX_FEATURE:1cxx_alignas
    Feature record: CXX_FEATURE:1cxx_alignof
    Feature record: CXX_FEATURE:1cxx_attributes
    Feature record: CXX_FEATURE:0cxx_attribute_deprecated
    Feature record: CXX_FEATURE:1cxx_auto_type
    Feature record: CXX_FEATURE:0cxx_binary_literals
    Feature record: CXX_FEATURE:1cxx_constexpr
    Feature record: CXX_FEATURE:0cxx_contextual_conversions
    Feature record: CXX_FEATURE:1cxx_decltype
    Feature record: CXX_FEATURE:0cxx_decltype_auto
    Feature record: CXX_FEATURE:1cxx_decltype_incomplete_return_types
    Feature record: CXX_FEATURE:1cxx_default_function_template_args
    Feature record: CXX_FEATURE:1cxx_defaulted_functions
    Feature record: CXX_FEATURE:1cxx_defaulted_move_initializers
    Feature record: CXX_FEATURE:1cxx_delegating_constructors
    Feature record: CXX_FEATURE:1cxx_deleted_functions
    Feature record: CXX_FEATURE:0cxx_digit_separators
    Feature record: CXX_FEATURE:1cxx_enum_forward_declarations
    Feature record: CXX_FEATURE:1cxx_explicit_conversions
    Feature record: CXX_FEATURE:1cxx_extended_friend_declarations
    Feature record: CXX_FEATURE:1cxx_extern_templates
    Feature record: CXX_FEATURE:1cxx_final
    Feature record: CXX_FEATURE:1cxx_func_identifier
    Feature record: CXX_FEATURE:1cxx_generalized_initializers
    Feature record: CXX_FEATURE:0cxx_generic_lambdas
    Feature record: CXX_FEATURE:1cxx_inheriting_constructors
    Feature record: CXX_FEATURE:1cxx_inline_namespaces
    Feature record: CXX_FEATURE:1cxx_lambdas
    Feature record: CXX_FEATURE:0cxx_lambda_init_captures
    Feature record: CXX_FEATURE:1cxx_local_type_template_args
    Feature record: CXX_FEATURE:1cxx_long_long_type
    Feature record: CXX_FEATURE:1cxx_noexcept
    Feature record: CXX_FEATURE:1cxx_nonstatic_member_init
    Feature record: CXX_FEATURE:1cxx_nullptr
    Feature record: CXX_FEATURE:1cxx_override
    Feature record: CXX_FEATURE:1cxx_range_for
    Feature record: CXX_FEATURE:1cxx_raw_string_literals
    Feature record: CXX_FEATURE:1cxx_reference_qualified_functions
    Feature record: CXX_FEATURE:0cxx_relaxed_constexpr
    Feature record: CXX_FEATURE:0cxx_return_type_deduction
    Feature record: CXX_FEATURE:1cxx_right_angle_brackets
    Feature record: CXX_FEATURE:1cxx_rvalue_references
    Feature record: CXX_FEATURE:1cxx_sizeof_member
    Feature record: CXX_FEATURE:1cxx_static_assert
    Feature record: CXX_FEATURE:1cxx_strong_enums
    Feature record: CXX_FEATURE:1cxx_template_template_parameters
    Feature record: CXX_FEATURE:1cxx_thread_local
    Feature record: CXX_FEATURE:1cxx_trailing_return_types
    Feature record: CXX_FEATURE:1cxx_unicode_literals
    Feature record: CXX_FEATURE:1cxx_uniform_initialization
    Feature record: CXX_FEATURE:1cxx_unrestricted_unions
    Feature record: CXX_FEATURE:1cxx_user_literals
    Feature record: CXX_FEATURE:0cxx_variable_templates
    Feature record: CXX_FEATURE:1cxx_variadic_macros
    Feature record: CXX_FEATURE:1cxx_variadic_templates


Detecting CXX [-std=c++98] compiler features compiled with the following output:
Change Dir: /home/xhh/CLionProjects/opengl/opengl01/cmake-build-debug/CMakeFiles/CMakeTmp

Run Build Command:"/usr/bin/make" "cmTC_c31e5/fast"
/usr/bin/make -f CMakeFiles/cmTC_c31e5.dir/build.make CMakeFiles/cmTC_c31e5.dir/build
make[1]: 进入目录“/home/xhh/CLionProjects/opengl/opengl01/cmake-build-debug/CMakeFiles/CMakeTmp”
Building CXX object CMakeFiles/cmTC_c31e5.dir/feature_tests.cxx.o
/usr/bin/c++    -std=c++98 -o CMakeFiles/cmTC_c31e5.dir/feature_tests.cxx.o -c /home/xhh/CLionProjects/opengl/opengl01/cmake-build-debug/CMakeFiles/feature_tests.cxx
Linking CXX executable cmTC_c31e5
/home/xhh/.local/share/JetBrains/Toolbox/apps/CLion/ch-0/183.4886.39/bin/cmake/linux/bin/cmake -E cmake_link_script CMakeFiles/cmTC_c31e5.dir/link.txt --verbose=1
/usr/bin/c++       CMakeFiles/cmTC_c31e5.dir/feature_tests.cxx.o  -o cmTC_c31e5 
make[1]: 离开目录“/home/xhh/CLionProjects/opengl/opengl01/cmake-build-debug/CMakeFiles/CMakeTmp”


    Feature record: CXX_FEATURE:0cxx_aggregate_default_initializers
    Feature record: CXX_FEATURE:0cxx_alias_templates
    Feature record: CXX_FEATURE:0cxx_alignas
    Feature record: CXX_FEATURE:0cxx_alignof
    Feature record: CXX_FEATURE:0cxx_attributes
    Feature record: CXX_FEATURE:0cxx_attribute_deprecated
    Feature record: CXX_FEATURE:0cxx_auto_type
    Feature record: CXX_FEATURE:0cxx_binary_literals
    Feature record: CXX_FEATURE:0cxx_constexpr
    Feature record: CXX_FEATURE:0cxx_contextual_conversions
    Feature record: CXX_FEATURE:0cxx_decltype
    Feature record: CXX_FEATURE:0cxx_decltype_auto
    Feature record: CXX_FEATURE:0cxx_decltype_incomplete_return_types
    Feature record: CXX_FEATURE:0cxx_default_function_template_args
    Feature record: CXX_FEATURE:0cxx_defaulted_functions
    Feature record: CXX_FEATURE:0cxx_defaulted_move_initializers
    Feature record: CXX_FEATURE:0cxx_delegating_constructors
    Feature record: CXX_FEATURE:0cxx_deleted_functions
    Feature record: CXX_FEATURE:0cxx_digit_separators
    Feature record: CXX_FEATURE:0cxx_enum_forward_declarations
    Feature record: CXX_FEATURE:0cxx_explicit_conversions
    Feature record: CXX_FEATURE:0cxx_extended_friend_declarations
    Feature record: CXX_FEATURE:0cxx_extern_templates
    Feature record: CXX_FEATURE:0cxx_final
    Feature record: CXX_FEATURE:0cxx_func_identifier
    Feature record: CXX_FEATURE:0cxx_generalized_initializers
    Feature record: CXX_FEATURE:0cxx_generic_lambdas
    Feature record: CXX_FEATURE:0cxx_inheriting_constructors
    Feature record: CXX_FEATURE:0cxx_inline_namespaces
    Feature record: CXX_FEATURE:0cxx_lambdas
    Feature record: CXX_FEATURE:0cxx_lambda_init_captures
    Feature record: CXX_FEATURE:0cxx_local_type_template_args
    Feature record: CXX_FEATURE:0cxx_long_long_type
    Feature record: CXX_FEATURE:0cxx_noexcept
    Feature record: CXX_FEATURE:0cxx_nonstatic_member_init
    Feature record: CXX_FEATURE:0cxx_nullptr
    Feature record: CXX_FEATURE:0cxx_override
    Feature record: CXX_FEATURE:0cxx_range_for
    Feature record: CXX_FEATURE:0cxx_raw_string_literals
    Feature record: CXX_FEATURE:0cxx_reference_qualified_functions
    Feature record: CXX_FEATURE:0cxx_relaxed_constexpr
    Feature record: CXX_FEATURE:0cxx_return_type_deduction
    Feature record: CXX_FEATURE:0cxx_right_angle_brackets
    Feature record: CXX_FEATURE:0cxx_rvalue_references
    Feature record: CXX_FEATURE:0cxx_sizeof_member
    Feature record: CXX_FEATURE:0cxx_static_assert
    Feature record: CXX_FEATURE:0cxx_strong_enums
    Feature record: CXX_FEATURE:1cxx_template_template_parameters
    Feature record: CXX_FEATURE:0cxx_thread_local
    Feature record: CXX_FEATURE:0cxx_trailing_return_types
    Feature record: CXX_FEATURE:0cxx_unicode_literals
    Feature record: CXX_FEATURE:0cxx_uniform_initialization
    Feature record: CXX_FEATURE:0cxx_unrestricted_unions
    Feature record: CXX_FEATURE:0cxx_user_literals
    Feature record: CXX_FEATURE:0cxx_variable_templates
    Feature record: CXX_FEATURE:0cxx_variadic_macros
    Feature record: CXX_FEATURE:0cxx_variadic_templates
